#
# There is insufficient memory for the Java Runtime Environment to continue.
# Native memory allocation (malloc) failed to allocate 140432 bytes for Chunk::new
# Possible reasons:
#   The system is out of physical RAM or swap space
#   In 32 bit mode, the process size limit was hit
# Possible solutions:
#   Reduce memory load on the system
#   Increase physical memory or swap space
#   Check if swap backing store is full
#   Use 64 bit Java on a 64 bit OS
#   Decrease Java heap size (-Xmx/-Xms)
#   Decrease number of Java threads
#   Decrease Java thread stack sizes (-Xss)
#   Set larger code cache with -XX:ReservedCodeCacheSize=
# This output file may be truncated or incomplete.
#
#  Out of Memory Error (allocation.cpp:390), pid=11492, tid=11268
#
# JRE version: Java(TM) SE Runtime Environment (8.0_60-b27) (build 1.8.0_60-b27)
# Java VM: Java HotSpot(TM) 64-Bit Server VM (25.60-b23 mixed mode windows-amd64 compressed oops)
# Failed to write core dump. Minidumps are not enabled by default on client versions of Windows
#

---------------  T H R E A D  ---------------

Current thread (0x00000000147fb000):  JavaThread "C2 CompilerThread0" daemon [_thread_in_native, id=11268, stack(0x0000000015e30000,0x0000000015f30000)]

Stack: [0x0000000015e30000,0x0000000015f30000]
[error occurred during error reporting (printing stack bounds), id 0xc0000005]

Native frames: (J=compiled Java code, j=interpreted, Vv=VM code, C=native code)


Current CompileTask:
C2:   6518 1624   !   4       com.android.dx.cf.code.Ropper::processBlock (1101 bytes)


---------------  P R O C E S S  ---------------

Java Threads: ( => current thread )
  0x0000000016314800 JavaThread "pool-1-thread-4" [_thread_blocked, id=4368, stack(0x0000000016b30000,0x0000000016c30000)]
  0x0000000016314000 JavaThread "pool-1-thread-3" [_thread_in_Java, id=7188, stack(0x0000000016a30000,0x0000000016b30000)]
  0x0000000016311800 JavaThread "pool-1-thread-2" [_thread_blocked, id=1088, stack(0x0000000016930000,0x0000000016a30000)]
  0x0000000016295800 JavaThread "pool-2-thread-1" [_thread_blocked, id=4792, stack(0x0000000016830000,0x0000000016930000)]
  0x0000000016280000 JavaThread "pool-1-thread-1" [_thread_blocked, id=12004, stack(0x0000000016730000,0x0000000016830000)]
  0x0000000016043800 JavaThread "Service Thread" daemon [_thread_blocked, id=5564, stack(0x0000000016530000,0x0000000016630000)]
  0x0000000016038800 JavaThread "C1 CompilerThread2" daemon [_thread_blocked, id=6016, stack(0x0000000016430000,0x0000000016530000)]
  0x0000000014800800 JavaThread "C2 CompilerThread1" daemon [_thread_in_native, id=4248, stack(0x0000000015f30000,0x0000000016030000)]
=>0x00000000147fb000 JavaThread "C2 CompilerThread0" daemon [_thread_in_native, id=11268, stack(0x0000000015e30000,0x0000000015f30000)]
  0x00000000147f8000 JavaThread "Attach Listener" daemon [_thread_blocked, id=12056, stack(0x0000000015d30000,0x0000000015e30000)]
  0x00000000147f6800 JavaThread "Signal Dispatcher" daemon [_thread_blocked, id=6980, stack(0x0000000015c30000,0x0000000015d30000)]
  0x0000000002120800 JavaThread "Finalizer" daemon [_thread_blocked, id=3744, stack(0x0000000015a50000,0x0000000015b50000)]
  0x000000000211d000 JavaThread "Reference Handler" daemon [_thread_blocked, id=11328, stack(0x0000000015950000,0x0000000015a50000)]
  0x0000000001efe000 JavaThread "main" [_thread_blocked, id=5104, stack(0x0000000001f30000,0x0000000002030000)]

Other Threads:
  0x00000000147c8000 VMThread [stack: 0x0000000015850000,0x0000000015950000] [id=9860]
  0x000000001603e800 WatcherThread [stack: 0x0000000016630000,0x0000000016730000] [id=772]

VM state:not at safepoint (normal execution)

VM Mutex/Monitor currently owned by a thread: None

Heap:
 PSYoungGen      total 35328K, used 7039K [0x00000000eab00000, 0x00000000ed000000, 0x0000000100000000)
  eden space 32768K, 13% used [0x00000000eab00000,0x00000000eaf665a8,0x00000000ecb00000)
  from space 2560K, 98% used [0x00000000ecd80000,0x00000000ecff96f0,0x00000000ed000000)
  to   space 2560K, 0% used [0x00000000ecb00000,0x00000000ecb00000,0x00000000ecd80000)
 ParOldGen       total 44032K, used 12315K [0x00000000c0000000, 0x00000000c2b00000, 0x00000000eab00000)
  object space 44032K, 27% used [0x00000000c0000000,0x00000000c0c06f90,0x00000000c2b00000)
 Metaspace       used 6259K, capacity 7088K, committed 7296K, reserved 1056768K
  class space    used 601K, capacity 616K, committed 640K, reserved 1048576K

Card table byte_map: [0x00000000114f0000,0x0000000011700000] byte_map_base: 0x0000000010ef0000

Marking Bits: (ParMarkBitMap*) 0x00000000681ca5b0
 Begin Bits: [0x0000000011c60000, 0x0000000012c60000)
 End Bits:   [0x0000000012c60000, 0x0000000013c60000)

Polling page: 0x0000000001e90000

CodeCache: size=245760Kb used=7138Kb max_used=7138Kb free=238621Kb
 bounds [0x0000000002130000, 0x0000000002830000, 0x0000000011130000]
 total_blobs=1999 nmethods=1729 adapters=182
 compilation: enabled

Compilation events (10 events):
Event: 6.129 Thread 0x0000000016038800 nmethod 1693 0x0000000002811210 code [0x0000000002811360, 0x0000000002811490]
Event: 6.131 Thread 0x0000000016038800 1694       3       com.android.dx.dex.code.OutputFinisher::<init> (48 bytes)
Event: 6.131 Thread 0x0000000016038800 nmethod 1694 0x0000000002811510 code [0x0000000002811680, 0x0000000002811928]
Event: 6.132 Thread 0x0000000016038800 1695       3       java.util.concurrent.locks.AbstractQueuedSynchronizer::hasQueuedPredecessors (40 bytes)
Event: 6.133 Thread 0x0000000016038800 nmethod 1695 0x0000000002811a50 code [0x0000000002811bc0, 0x0000000002811e10]
Event: 6.134 Thread 0x0000000016038800 1696       3       java.lang.Boolean::valueOf (14 bytes)
Event: 6.134 Thread 0x0000000016038800 nmethod 1696 0x0000000002811ed0 code [0x0000000002812020, 0x00000000028121b0]
Event: 6.160 Thread 0x0000000016038800 1697       3       com.android.dx.command.dexer.Main::access$1400 (4 bytes)
Event: 6.161 Thread 0x0000000016038800 nmethod 1697 0x0000000002812210 code [0x0000000002812360, 0x00000000028124b0]
Event: 6.162 Thread 0x0000000016038800 1698   !   3       java.util.concurrent.FutureTask::run (126 bytes)

GC Heap History (6 events):
Event: 0.806 GC heap before
{Heap before GC invocations=1 (full 0):
 PSYoungGen      total 18944K, used 16384K [0x00000000eab00000, 0x00000000ec000000, 0x0000000100000000)
  eden space 16384K, 100% used [0x00000000eab00000,0x00000000ebb00000,0x00000000ebb00000)
  from space 2560K, 0% used [0x00000000ebd80000,0x00000000ebd80000,0x00000000ec000000)
  to   space 2560K, 0% used [0x00000000ebb00000,0x00000000ebb00000,0x00000000ebd80000)
 ParOldGen       total 44032K, used 0K [0x00000000c0000000, 0x00000000c2b00000, 0x00000000eab00000)
  object space 44032K, 0% used [0x00000000c0000000,0x00000000c0000000,0x00000000c2b00000)
 Metaspace       used 3951K, capacity 5104K, committed 5376K, reserved 1056768K
  class space    used 442K, capacity 488K, committed 512K, reserved 1048576K
Event: 0.983 GC heap after
Heap after GC invocations=1 (full 0):
 PSYoungGen      total 18944K, used 1476K [0x00000000eab00000, 0x00000000ed000000, 0x0000000100000000)
  eden space 16384K, 0% used [0x00000000eab00000,0x00000000eab00000,0x00000000ebb00000)
  from space 2560K, 57% used [0x00000000ebb00000,0x00000000ebc712d8,0x00000000ebd80000)
  to   space 2560K, 0% used [0x00000000ecd80000,0x00000000ecd80000,0x00000000ed000000)
 ParOldGen       total 44032K, used 8K [0x00000000c0000000, 0x00000000c2b00000, 0x00000000eab00000)
  object space 44032K, 0% used [0x00000000c0000000,0x00000000c0002000,0x00000000c2b00000)
 Metaspace       used 3951K, capacity 5104K, committed 5376K, reserved 1056768K
  class space    used 442K, capacity 488K, committed 512K, reserved 1048576K
}
Event: 3.103 GC heap before
{Heap before GC invocations=2 (full 0):
 PSYoungGen      total 18944K, used 17860K [0x00000000eab00000, 0x00000000ed000000, 0x0000000100000000)
  eden space 16384K, 100% used [0x00000000eab00000,0x00000000ebb00000,0x00000000ebb00000)
  from space 2560K, 57% used [0x00000000ebb00000,0x00000000ebc712d8,0x00000000ebd80000)
  to   space 2560K, 0% used [0x00000000ecd80000,0x00000000ecd80000,0x00000000ed000000)
 ParOldGen       total 44032K, used 8K [0x00000000c0000000, 0x00000000c2b00000, 0x00000000eab00000)
  object space 44032K, 0% used [0x00000000c0000000,0x00000000c0002000,0x00000000c2b00000)
 Metaspace       used 5859K, capacity 6768K, committed 7040K, reserved 1056768K
  class space    used 596K, capacity 616K, committed 640K, reserved 1048576K
Event: 3.409 GC heap after
Heap after GC invocations=2 (full 0):
 PSYoungGen      total 35328K, used 2538K [0x00000000eab00000, 0x00000000ed000000, 0x0000000100000000)
  eden space 32768K, 0% used [0x00000000eab00000,0x00000000eab00000,0x00000000ecb00000)
  from space 2560K, 99% used [0x00000000ecd80000,0x00000000ecffaac8,0x00000000ed000000)
  to   space 2560K, 0% used [0x00000000ecb00000,0x00000000ecb00000,0x00000000ecd80000)
 ParOldGen       total 44032K, used 1847K [0x00000000c0000000, 0x00000000c2b00000, 0x00000000eab00000)
  object space 44032K, 4% used [0x00000000c0000000,0x00000000c01cdcc0,0x00000000c2b00000)
 Metaspace       used 5859K, capacity 6768K, committed 7040K, reserved 1056768K
  class space    used 596K, capacity 616K, committed 640K, reserved 1048576K
}
Event: 5.347 GC heap before
{Heap before GC invocations=3 (full 0):
 PSYoungGen      total 35328K, used 35306K [0x00000000eab00000, 0x00000000ed000000, 0x0000000100000000)
  eden space 32768K, 100% used [0x00000000eab00000,0x00000000ecb00000,0x00000000ecb00000)
  from space 2560K, 99% used [0x00000000ecd80000,0x00000000ecffaac8,0x00000000ed000000)
  to   space 2560K, 0% used [0x00000000ecb00000,0x00000000ecb00000,0x00000000ecd80000)
 ParOldGen       total 44032K, used 1847K [0x00000000c0000000, 0x00000000c2b00000, 0x00000000eab00000)
  object space 44032K, 4% used [0x00000000c0000000,0x00000000c01cdcc0,0x00000000c2b00000)
 Metaspace       used 6144K, capacity 7024K, committed 7296K, reserved 1056768K
  class space    used 596K, capacity 616K, committed 640K, reserved 1048576K
Event: 5.366 GC heap after
Heap after GC invocations=3 (full 0):
 PSYoungGen      total 35328K, used 2528K [0x00000000eab00000, 0x00000000ed000000, 0x0000000100000000)
  eden space 32768K, 0% used [0x00000000eab00000,0x00000000eab00000,0x00000000ecb00000)
  from space 2560K, 98% used [0x00000000ecb00000,0x00000000ecd78048,0x00000000ecd80000)
  to   space 2560K, 0% used [0x00000000ecd80000,0x00000000ecd80000,0x00000000ed000000)
 ParOldGen       total 44032K, used 6660K [0x00000000c0000000, 0x00000000c2b00000, 0x00000000eab00000)
  object space 44032K, 15% used [0x00000000c0000000,0x00000000c0681098,0x00000000c2b00000)
 Metaspace       used 6144K, capacity 7024K, committed 7296K, reserved 1056768K
  class space    used 596K, capacity 616K, committed 640K, reserved 1048576K
}

Deoptimization events (10 events):
Event: 3.578 Thread 0x0000000016280000 Uncommon trap: reason=bimorphic action=maybe_recompile pc=0x0000000002401478 method=java.util.HashMap.getNode(ILjava/lang/Object;)Ljava/util/HashMap$Node; @ 126
Event: 3.588 Thread 0x0000000001efe000 Uncommon trap: reason=unstable_if action=reinterpret pc=0x00000000023c6f9c method=com.android.dx.rop.cst.Constant.compareTo(Lcom/android/dx/rop/cst/Constant;)I @ 12
Event: 3.636 Thread 0x0000000016314800 Uncommon trap: reason=unstable_if action=reinterpret pc=0x000000000262aaac method=com.android.dx.ssa.SCCP.simulateStmt(Lcom/android/dx/ssa/SsaInsn;)V @ 469
Event: 3.742 Thread 0x0000000016314000 Uncommon trap: reason=bimorphic action=maybe_recompile pc=0x0000000002401478 method=java.util.HashMap.getNode(ILjava/lang/Object;)Ljava/util/HashMap$Node; @ 126
Event: 3.783 Thread 0x0000000016314000 Uncommon trap: reason=null_check action=make_not_entrant pc=0x000000000238ada0 method=com.android.dx.rop.type.Type.equals(Ljava/lang/Object;)Z @ 8
Event: 3.783 Thread 0x0000000016314000 Uncommon trap: reason=unstable_if action=reinterpret pc=0x0000000002603814 method=com.android.dx.cf.code.Merger.mergeType(Lcom/android/dx/rop/type/TypeBearer;Lcom/android/dx/rop/type/TypeBearer;)Lcom/android/dx/rop/type/TypeBearer; @ 15
Event: 3.953 Thread 0x0000000016280000 Uncommon trap: reason=bimorphic action=maybe_recompile pc=0x00000000025f981c method=java.util.HashMap.putVal(ILjava/lang/Object;Ljava/lang/Object;ZZ)Ljava/lang/Object; @ 203
Event: 5.465 Thread 0x0000000001efe000 Uncommon trap: reason=unstable_if action=reinterpret pc=0x00000000026f83bc method=com.android.dx.ssa.LocalVariableExtractor.processBlock(I)V @ 77
Event: 5.470 Thread 0x0000000016311800 Uncommon trap: reason=unstable_if action=reinterpret pc=0x000000000260d3d8 method=com.android.dx.util.LabeledList.set(ILcom/android/dx/util/LabeledItem;)V @ 16
Event: 6.161 Thread 0x0000000016314800 Uncommon trap: reason=class_check action=maybe_recompile pc=0x00000000027ce5f0 method=com.android.dx.ssa.SCCP.simulateBranch(Lcom/android/dx/ssa/SsaInsn;)V @ 145

Internal exceptions (3 events):
Event: 0.084 Thread 0x0000000001efe000 Exception <a 'java/lang/NoSuchMethodError': Method sun.misc.Unsafe.defineClass(Ljava/lang/String;[BII)Ljava/lang/Class; name or signature does not match> (0x00000000eab0d808) thrown at [C:\re\workspace\8-2-build-windows-amd64-cygwin\jdk8u60\4407\hotspot\srÁmøQyµ?
Event: 0.084 Thread 0x0000000001efe000 Exception <a 'java/lang/NoSuchMethodError': Method sun.misc.Unsafe.prefetchRead(Ljava/lang/Object;J)V name or signature does not match> (0x00000000eab0daf0) thrown at [C:\re\workspace\8-2-build-windows-amd64-cygwin\jdk8u60\4407\hotspot\src\share\vm\prims\j”LÕC@
Event: 3.783 Thread 0x0000000016314000 Implicit null exception at 0x000000000238aca2 to 0x000000000238ad92

Events (10 events):
Event: 5.465 loading class java/util/HashMap$ValueIterator
Event: 5.465 loading class java/util/HashMap$ValueIterator done
Event: 5.465 Thread 0x0000000001efe000 Uncommon trap: trap_request=0xffffff65 fr.pc=0x00000000026f83bc
Event: 5.465 Thread 0x0000000001efe000 DEOPT PACKING pc=0x00000000026f83bc sp=0x000000000202e180
Event: 5.465 Thread 0x0000000001efe000 DEOPT UNPACKING pc=0x000000000217582a sp=0x000000000202e100 mode 2
Event: 5.470 Thread 0x0000000016311800 Uncommon trap: trap_request=0xffffff65 fr.pc=0x000000000260d3d8
Event: 5.470 Thread 0x0000000016311800 DEOPT PACKING pc=0x000000000260d3d8 sp=0x0000000016a2e7e0
Event: 5.470 Thread 0x0000000016311800 DEOPT UNPACKING pc=0x000000000217582a sp=0x0000000016a2e7c8 mode 2
Event: 6.161 Thread 0x0000000016314800 Uncommon trap: trap_request=0xffffffde fr.pc=0x00000000027ce5f0
Event: 6.161 Thread 0x0000000016314800 DEOPT PACKING pc=0x00000000027ce5f0 sp=0x0000000016c2e7e0


Dynamic libraries:
0x00007ff6f1ee0000 - 0x00007ff6f1f17000 	C:\Program Files\Java\jdk8\bin\java.exe
0x00007fff6df30000 - 0x00007fff6e0f1000 	C:\Windows\SYSTEM32\ntdll.dll
0x00007fff6bb10000 - 0x00007fff6bbbd000 	C:\Windows\system32\KERNEL32.DLL
0x00007fff6b1f0000 - 0x00007fff6b3cd000 	C:\Windows\system32\KERNELBASE.dll
0x00007fff6be40000 - 0x00007fff6bee6000 	C:\Windows\system32\ADVAPI32.dll
0x00007fff6db10000 - 0x00007fff6dbad000 	C:\Windows\system32\msvcrt.dll
0x00007fff6da50000 - 0x00007fff6daab000 	C:\Windows\system32\sechost.dll
0x00007fff6b930000 - 0x00007fff6ba56000 	C:\Windows\system32\RPCRT4.dll
0x00007fff6bff0000 - 0x00007fff6c13e000 	C:\Windows\system32\USER32.dll
0x00007fff6b790000 - 0x00007fff6b916000 	C:\Windows\system32\GDI32.dll
0x00007fff5ad20000 - 0x00007fff5af94000 	C:\Windows\WinSxS\amd64_microsoft.windows.common-controls_6595b64144ccf1df_6.0.10240.16384_none_f41f7b285750ef43\COMCTL32.dll
0x00007fff6bef0000 - 0x00007fff6bf26000 	C:\Windows\system32\IMM32.DLL
0x00007fff6c2f0000 - 0x00007fff6c44c000 	C:\Windows\system32\MSCTF.dll
0x0000000066cb0000 - 0x0000000066d82000 	C:\Program Files\Java\jdk8\jre\bin\msvcr100.dll
0x00000000679c0000 - 0x0000000068249000 	C:\Program Files\Java\jdk8\jre\bin\server\jvm.dll
0x00007fff6b6e0000 - 0x00007fff6b6e8000 	C:\Windows\system32\PSAPI.DLL
0x00007fff68640000 - 0x00007fff68649000 	C:\Windows\SYSTEM32\WSOCK32.dll
0x00007fff6c4b0000 - 0x00007fff6c519000 	C:\Windows\system32\WS2_32.dll
0x00007fff6b6f0000 - 0x00007fff6b6f8000 	C:\Windows\system32\NSI.dll
0x00007fff68c40000 - 0x00007fff68c63000 	C:\Windows\SYSTEM32\WINMM.dll
0x00007fff64b40000 - 0x00007fff64b4a000 	C:\Windows\SYSTEM32\VERSION.dll
0x00007fff681b0000 - 0x00007fff681dc000 	C:\Windows\SYSTEM32\WINMMBASE.dll
0x00007fff6ab70000 - 0x00007fff6abb4000 	C:\Windows\system32\cfgmgr32.dll
0x00007fff69230000 - 0x00007fff69257000 	C:\Windows\SYSTEM32\DEVOBJ.dll
0x00000000679b0000 - 0x00000000679bf000 	C:\Program Files\Java\jdk8\jre\bin\verify.dll
0x0000000067980000 - 0x00000000679a9000 	C:\Program Files\Java\jdk8\jre\bin\java.dll
0x0000000067960000 - 0x0000000067976000 	C:\Program Files\Java\jdk8\jre\bin\zip.dll
0x00007fff6c520000 - 0x00007fff6da42000 	C:\Windows\system32\SHELL32.dll
0x00007fff6abc0000 - 0x00007fff6b1e9000 	C:\Windows\system32\windows.storage.dll
0x00007fff6bbc0000 - 0x00007fff6be3c000 	C:\Windows\system32\combase.dll
0x00007fff6c450000 - 0x00007fff6c4a1000 	C:\Windows\system32\shlwapi.dll
0x00007fff6a9f0000 - 0x00007fff6a9ff000 	C:\Windows\system32\kernel.appcore.dll
0x00007fff6aab0000 - 0x00007fff6ab63000 	C:\Windows\system32\shcore.dll
0x00007fff6a960000 - 0x00007fff6a9aa000 	C:\Windows\system32\powrprof.dll
0x00007fff6a9b0000 - 0x00007fff6a9c3000 	C:\Windows\system32\profapi.dll

VM Arguments:
jvm_args: -Djava.awt.headless=true -Xmx1024M -Dfile.encoding=windows-1252 -Duser.country=US -Duser.language=en -Duser.variant 
java_command: com.android.dx.command.Main --dex --num-threads=4 --output J:\Android apps\LocationServices\app\build\intermediates\pre-dexed\debug\com.google.android.gms-play-services-games-8.4.0_504b7fd14dd551348e59369cf0b1d5629253d755.jar J:\Android apps\LocationServices\app\build\intermediates\exploded-aar\com.google.android.gms\play-services-games\8.4.0\jars\classes.jar
java_class_path (initial): J:\AndroidSdk\build-tools\23.0.2\lib\dx.jar
Launcher Type: SUN_STANDARD

Environment Variables:
JAVA_HOME=C:\Program Files\Java\jdk8
PATH=C:\ProgramData\Oracle\Java\javapath;C:\Windows\system32;C:\Windows;C:\Windows\System32\Wbem;C:\Windows\System32\WindowsPowerShell\v1.0\;C:\Program Files (x86)\ATI Technologies\ATI.ACE\Core-Static;C:\Program Files\Java\jdk8\bin;C:\Program Files (x86)\Windows Kits\8.1\Windows Performance Toolkit\;C:\Program Files\Microsoft SQL Server\110\Tools\Binn\;C:\Program Files\MySQL\MySQL Server 5.6\bin;C:\opennlp-tools-1.5.0\bin;C:\Program Files\apache-maven-3.3.3\bin;C:\Windows\system32\config\systemprofile\.dnx\bin;C:\Program Files\Microsoft DNX\Dnvm\;C:\Program Files (x86)\OpenSSH\bin;J:\New folder;J:\New folder\Scripts;J:\New folder\Library\bin;c:\users\omsairam\appdata\local\enthought\canopy\user\scripts;C:\Users\omsairam\AppData\Local\Programs\Python\Python35\Scripts\;C:\Users\omsairam\AppData\Local\Programs\Python\Python35\;C:\Users\omsairam\AppData\Local\Enthought\Canopy\User;C:\Users\omsairam\AppData\Local\Enthought\Canopy\User\Scripts;C:\texlive\2014\bin\win32;C:\Program Files (x86)\Google\google_appengine\
USERNAME=omsairam
OS=Windows_NT
PROCESSOR_IDENTIFIER=Intel64 Family 6 Model 58 Stepping 9, GenuineIntel



---------------  S Y S T E M  ---------------

OS: Windows 10.0 , 64 bit Build 10240 (10.0.10240.16384)

CPU:total 4 (2 cores per cpu, 2 threads per core) family 6 model 58 stepping 9, cmov, cx8, fxsr, mmx, sse, sse2, sse3, ssse3, sse4.1, sse4.2, popcnt, avx, aes, clmul, erms, ht, tsc, tscinvbit, tscinv

Memory: 4k page, physical 4143468k(152664k free), swap 7439804k(696k free)

vm_info: Java HotSpot(TM) 64-Bit Server VM (25.60-b23) for windows-amd64 JRE (1.8.0_60-b27), built on Aug  4 2015 11:06:27 by "java_re" with MS VC++ 10.0 (VS2010)

time: Thu Apr 14 15:05:55 2016
elapsed time: 6 seconds (0d 0h 0m 6s)

