#
# There is insufficient memory for the Java Runtime Environment to continue.
# Native memory allocation (malloc) failed to allocate 2178304 bytes for Chunk::new
# Possible reasons:
#   The system is out of physical RAM or swap space
#   In 32 bit mode, the process size limit was hit
# Possible solutions:
#   Reduce memory load on the system
#   Increase physical memory or swap space
#   Check if swap backing store is full
#   Use 64 bit Java on a 64 bit OS
#   Decrease Java heap size (-Xmx/-Xms)
#   Decrease number of Java threads
#   Decrease Java thread stack sizes (-Xss)
#   Set larger code cache with -XX:ReservedCodeCacheSize=
# This output file may be truncated or incomplete.
#
#  Out of Memory Error (allocation.cpp:390), pid=11676, tid=11988
#
# JRE version: Java(TM) SE Runtime Environment (8.0_60-b27) (build 1.8.0_60-b27)
# Java VM: Java HotSpot(TM) 64-Bit Server VM (25.60-b23 mixed mode windows-amd64 compressed oops)
# Failed to write core dump. Minidumps are not enabled by default on client versions of Windows
#

---------------  T H R E A D  ---------------

Current thread (0x0000000014920000):  JavaThread "C2 CompilerThread1" daemon [_thread_in_native, id=11988, stack(0x0000000016060000,0x0000000016160000)]

Stack: [0x0000000016060000,0x0000000016160000]
[error occurred during error reporting (printing stack bounds), id 0xc0000005]

Native frames: (J=compiled Java code, j=interpreted, Vv=VM code, C=native code)


Current CompileTask:
C2:   6692 1860   !   4       com.android.dx.cf.code.Ropper::processBlock (1101 bytes)


---------------  P R O C E S S  ---------------

Java Threads: ( => current thread )
  0x0000000016286000 JavaThread "Service Thread" daemon [_thread_blocked, id=4088, stack(0x0000000016660000,0x0000000016760000)]
  0x000000001497d800 JavaThread "C1 CompilerThread2" daemon [_thread_blocked, id=9328, stack(0x0000000016160000,0x0000000016260000)]
=>0x0000000014920000 JavaThread "C2 CompilerThread1" daemon [_thread_in_native, id=11988, stack(0x0000000016060000,0x0000000016160000)]
  0x000000001491b000 JavaThread "C2 CompilerThread0" daemon [_thread_in_native, id=10972, stack(0x0000000015f60000,0x0000000016060000)]
  0x0000000014918000 JavaThread "Attach Listener" daemon [_thread_blocked, id=11420, stack(0x0000000015e60000,0x0000000015f60000)]
  0x0000000014917000 JavaThread "Signal Dispatcher" daemon [_thread_blocked, id=10688, stack(0x0000000015d60000,0x0000000015e60000)]
  0x0000000002246800 JavaThread "Finalizer" daemon [_thread_blocked, id=10812, stack(0x0000000015b80000,0x0000000015c80000)]
  0x000000000223d000 JavaThread "Reference Handler" daemon [_thread_blocked, id=7288, stack(0x0000000015a80000,0x0000000015b80000)]
  0x0000000001f7e000 JavaThread "main" [_thread_in_native, id=1760, stack(0x0000000002050000,0x0000000002150000)]

Other Threads:
  0x00000000148e8000 VMThread [stack: 0x0000000015980000,0x0000000015a80000] [id=11800]
  0x000000001629b800 WatcherThread [stack: 0x0000000016760000,0x0000000016860000] [id=11804]

VM state:not at safepoint (normal execution)

VM Mutex/Monitor currently owned by a thread: None

Heap:
 PSYoungGen      total 68096K, used 17411K [0x00000000eab00000, 0x00000000ef000000, 0x0000000100000000)
  eden space 65536K, 22% used [0x00000000eab00000,0x00000000eb9875b0,0x00000000eeb00000)
  from space 2560K, 98% used [0x00000000eeb00000,0x00000000eed798f8,0x00000000eed80000)
  to   space 2560K, 0% used [0x00000000eed80000,0x00000000eed80000,0x00000000ef000000)
 ParOldGen       total 44032K, used 21896K [0x00000000c0000000, 0x00000000c2b00000, 0x00000000eab00000)
  object space 44032K, 49% used [0x00000000c0000000,0x00000000c15621a0,0x00000000c2b00000)
 Metaspace       used 6390K, capacity 7158K, committed 7296K, reserved 1056768K
  class space    used 606K, capacity 622K, committed 640K, reserved 1048576K

Card table byte_map: [0x0000000011610000,0x0000000011820000] byte_map_base: 0x0000000011010000

Marking Bits: (ParMarkBitMap*) 0x00000000681ca5b0
 Begin Bits: [0x0000000011d80000, 0x0000000012d80000)
 End Bits:   [0x0000000012d80000, 0x0000000013d80000)

Polling page: 0x0000000000780000

CodeCache: size=245760Kb used=8089Kb max_used=8089Kb free=237670Kb
 bounds [0x0000000002250000, 0x0000000002a40000, 0x0000000011250000]
 total_blobs=2207 nmethods=1937 adapters=182
 compilation: enabled

Compilation events (10 events):
Event: 6.024 Thread 0x000000001497d800 1952       2       com.android.dx.ssa.back.FirstFitLocalCombiningAllocator$Multiset::getAndRemoveHighestCount (63 bytes)
Event: 6.025 Thread 0x000000001497d800 nmethod 1952 0x0000000002a0ed50 code [0x0000000002a0eec0, 0x0000000002a0f110]
Event: 6.026 Thread 0x000000001497d800 1953   !   2       java.util.concurrent.ArrayBlockingQueue::offer (55 bytes)
Event: 6.027 Thread 0x000000001497d800 nmethod 1953 0x0000000002a14190 code [0x0000000002a14340, 0x0000000002a14678]
Event: 6.027 Thread 0x000000001497d800 1954       2       java.util.concurrent.locks.ReentrantLock$FairSync::lock (6 bytes)
Event: 6.028 Thread 0x000000001497d800 nmethod 1954 0x0000000002a149d0 code [0x0000000002a14b60, 0x0000000002a14d78]
Event: 6.029 Thread 0x000000001491b000 nmethod 1906% 0x0000000002a14ed0 code [0x0000000002a15120, 0x0000000002a172d0]
Event: 6.029 Thread 0x000000001491b000 1912       4       com.android.dx.ssa.SCCP::simulateStmt (481 bytes)
Event: 6.048 Thread 0x000000001497d800 1956       2       com.android.dx.dex.file.AnnotationsDirectoryItem::setClassAnnotations (45 bytes)
Event: 6.048 Thread 0x000000001497d800 nmethod 1956 0x0000000002a13ad0 code [0x0000000002a13c60, 0x0000000002a13fc8]

GC Heap History (8 events):
Event: 0.961 GC heap before
{Heap before GC invocations=1 (full 0):
 PSYoungGen      total 18944K, used 16384K [0x00000000eab00000, 0x00000000ec000000, 0x0000000100000000)
  eden space 16384K, 100% used [0x00000000eab00000,0x00000000ebb00000,0x00000000ebb00000)
  from space 2560K, 0% used [0x00000000ebd80000,0x00000000ebd80000,0x00000000ec000000)
  to   space 2560K, 0% used [0x00000000ebb00000,0x00000000ebb00000,0x00000000ebd80000)
 ParOldGen       total 44032K, used 0K [0x00000000c0000000, 0x00000000c2b00000, 0x00000000eab00000)
  object space 44032K, 0% used [0x00000000c0000000,0x00000000c0000000,0x00000000c2b00000)
 Metaspace       used 5536K, capacity 6512K, committed 6784K, reserved 1056768K
  class space    used 593K, capacity 616K, committed 640K, reserved 1048576K
Event: 0.989 GC heap after
Heap after GC invocations=1 (full 0):
 PSYoungGen      total 18944K, used 2551K [0x00000000eab00000, 0x00000000ed000000, 0x0000000100000000)
  eden space 16384K, 0% used [0x00000000eab00000,0x00000000eab00000,0x00000000ebb00000)
  from space 2560K, 99% used [0x00000000ebb00000,0x00000000ebd7dc78,0x00000000ebd80000)
  to   space 2560K, 0% used [0x00000000ecd80000,0x00000000ecd80000,0x00000000ed000000)
 ParOldGen       total 44032K, used 1066K [0x00000000c0000000, 0x00000000c2b00000, 0x00000000eab00000)
  object space 44032K, 2% used [0x00000000c0000000,0x00000000c010aa10,0x00000000c2b00000)
 Metaspace       used 5536K, capacity 6512K, committed 6784K, reserved 1056768K
  class space    used 593K, capacity 616K, committed 640K, reserved 1048576K
}
Event: 1.587 GC heap before
{Heap before GC invocations=2 (full 0):
 PSYoungGen      total 18944K, used 18935K [0x00000000eab00000, 0x00000000ed000000, 0x0000000100000000)
  eden space 16384K, 100% used [0x00000000eab00000,0x00000000ebb00000,0x00000000ebb00000)
  from space 2560K, 99% used [0x00000000ebb00000,0x00000000ebd7dc78,0x00000000ebd80000)
  to   space 2560K, 0% used [0x00000000ecd80000,0x00000000ecd80000,0x00000000ed000000)
 ParOldGen       total 44032K, used 1066K [0x00000000c0000000, 0x00000000c2b00000, 0x00000000eab00000)
  object space 44032K, 2% used [0x00000000c0000000,0x00000000c010aa10,0x00000000c2b00000)
 Metaspace       used 5890K, capacity 6832K, committed 7040K, reserved 1056768K
  class space    used 595K, capacity 616K, committed 640K, reserved 1048576K
Event: 1.610 GC heap after
Heap after GC invocations=2 (full 0):
 PSYoungGen      total 35328K, used 2528K [0x00000000eab00000, 0x00000000ed000000, 0x0000000100000000)
  eden space 32768K, 0% used [0x00000000eab00000,0x00000000eab00000,0x00000000ecb00000)
  from space 2560K, 98% used [0x00000000ecd80000,0x00000000ecff8018,0x00000000ed000000)
  to   space 2560K, 0% used [0x00000000ecb00000,0x00000000ecb00000,0x00000000ecd80000)
 ParOldGen       total 44032K, used 2908K [0x00000000c0000000, 0x00000000c2b00000, 0x00000000eab00000)
  object space 44032K, 6% used [0x00000000c0000000,0x00000000c02d73c8,0x00000000c2b00000)
 Metaspace       used 5890K, capacity 6832K, committed 7040K, reserved 1056768K
  class space    used 595K, capacity 616K, committed 640K, reserved 1048576K
}
Event: 2.749 GC heap before
{Heap before GC invocations=3 (full 0):
 PSYoungGen      total 35328K, used 35296K [0x00000000eab00000, 0x00000000ed000000, 0x0000000100000000)
  eden space 32768K, 100% used [0x00000000eab00000,0x00000000ecb00000,0x00000000ecb00000)
  from space 2560K, 98% used [0x00000000ecd80000,0x00000000ecff8018,0x00000000ed000000)
  to   space 2560K, 0% used [0x00000000ecb00000,0x00000000ecb00000,0x00000000ecd80000)
 ParOldGen       total 44032K, used 2908K [0x00000000c0000000, 0x00000000c2b00000, 0x00000000eab00000)
  object space 44032K, 6% used [0x00000000c0000000,0x00000000c02d73c8,0x00000000c2b00000)
 Metaspace       used 6137K, capacity 7024K, committed 7296K, reserved 1056768K
  class space    used 596K, capacity 616K, committed 640K, reserved 1048576K
Event: 2.895 GC heap after
Heap after GC invocations=3 (full 0):
 PSYoungGen      total 35328K, used 2550K [0x00000000eab00000, 0x00000000ef000000, 0x0000000100000000)
  eden space 32768K, 0% used [0x00000000eab00000,0x00000000eab00000,0x00000000ecb00000)
  from space 2560K, 99% used [0x00000000ecb00000,0x00000000ecd7d908,0x00000000ecd80000)
  to   space 2560K, 0% used [0x00000000eed80000,0x00000000eed80000,0x00000000ef000000)
 ParOldGen       total 44032K, used 7579K [0x00000000c0000000, 0x00000000c2b00000, 0x00000000eab00000)
  object space 44032K, 17% used [0x00000000c0000000,0x00000000c0766f28,0x00000000c2b00000)
 Metaspace       used 6137K, capacity 7024K, committed 7296K, reserved 1056768K
  class space    used 596K, capacity 616K, committed 640K, reserved 1048576K
}
Event: 3.816 GC heap before
{Heap before GC invocations=4 (full 0):
 PSYoungGen      total 35328K, used 35318K [0x00000000eab00000, 0x00000000ef000000, 0x0000000100000000)
  eden space 32768K, 100% used [0x00000000eab00000,0x00000000ecb00000,0x00000000ecb00000)
  from space 2560K, 99% used [0x00000000ecb00000,0x00000000ecd7d908,0x00000000ecd80000)
  to   space 2560K, 0% used [0x00000000eed80000,0x00000000eed80000,0x00000000ef000000)
 ParOldGen       total 44032K, used 7579K [0x00000000c0000000, 0x00000000c2b00000, 0x00000000eab00000)
  object space 44032K, 17% used [0x00000000c0000000,0x00000000c0766f28,0x00000000c2b00000)
 Metaspace       used 6203K, capacity 7088K, committed 7296K, reserved 1056768K
  class space    used 596K, capacity 616K, committed 640K, reserved 1048576K
Event: 4.025 GC heap after
Heap after GC invocations=4 (full 0):
 PSYoungGen      total 68096K, used 2550K [0x00000000eab00000, 0x00000000ef000000, 0x0000000100000000)
  eden space 65536K, 0% used [0x00000000eab00000,0x00000000eab00000,0x00000000eeb00000)
  from space 2560K, 99% used [0x00000000eed80000,0x00000000eeffd908,0x00000000ef000000)
  to   space 2560K, 0% used [0x00000000eeb00000,0x00000000eeb00000,0x00000000eed80000)
 ParOldGen       total 44032K, used 12199K [0x00000000c0000000, 0x00000000c2b00000, 0x00000000eab00000)
  object space 44032K, 27% used [0x00000000c0000000,0x00000000c0be9e20,0x00000000c2b00000)
 Metaspace       used 6203K, capacity 7088K, committed 7296K, reserved 1056768K
  class space    used 596K, capacity 616K, committed 640K, reserved 1048576K
}

Deoptimization events (10 events):
Event: 4.538 Thread 0x00000000164c3800 Uncommon trap: reason=class_check action=maybe_recompile pc=0x000000000278611c method=java.util.HashMap.putVal(ILjava/lang/Object;Ljava/lang/Object;ZZ)Ljava/lang/Object; @ 203
Event: 4.560 Thread 0x0000000001f7e000 Uncommon trap: reason=unstable_if action=reinterpret pc=0x00000000028c3ff8 method=com.android.dx.rop.cst.StdConstantPool.set(ILcom/android/dx/rop/cst/Constant;)V @ 12
Event: 4.562 Thread 0x0000000016530800 Uncommon trap: reason=unstable_if action=reinterpret pc=0x00000000029569f0 method=com.android.dx.rop.code.LocalVariableExtractor.processBlock(I)V @ 138
Event: 4.567 Thread 0x0000000016530800 Uncommon trap: reason=class_check action=maybe_recompile pc=0x00000000026e2bd4 method=com.android.dx.ssa.NormalSsaInsn.accept(Lcom/android/dx/ssa/SsaInsn$Visitor;)V @ 9
Event: 4.569 Thread 0x0000000016530800 Uncommon trap: reason=unstable_if action=reinterpret pc=0x0000000002892be0 method=com.android.dx.ssa.SsaMethod.updateOneDefinition(Lcom/android/dx/ssa/SsaInsn;Lcom/android/dx/rop/code/RegisterSpec;)V @ 30
Event: 4.596 Thread 0x0000000016530800 Uncommon trap: reason=bimorphic action=maybe_recompile pc=0x00000000025da5cc method=java.util.HashMap.getNode(ILjava/lang/Object;)Ljava/util/HashMap$Node; @ 126
Event: 4.599 Thread 0x0000000016530800 Uncommon trap: reason=unstable_if action=reinterpret pc=0x00000000028ffa40 method=com.android.dx.util.BitIntSet.has(I)Z @ 8
Event: 5.091 Thread 0x0000000001f7e000 Uncommon trap: reason=unloaded action=reinterpret pc=0x000000000298d8c4 method=com.android.dx.cf.cst.ConstantPoolParser.parse0(ILjava/util/BitSet;)Lcom/android/dx/rop/cst/Constant; @ 176
Event: 5.464 Thread 0x0000000016530800 Uncommon trap: reason=unstable_if action=reinterpret pc=0x0000000002976b48 method=com.android.dx.ssa.SCCP.simulateBranch(Lcom/android/dx/ssa/SsaInsn;)V @ 118
Event: 6.052 Thread 0x00000000164c3800 Uncommon trap: reason=unstable_if action=reinterpret pc=0x00000000029ba8c8 method=com.android.dx.cf.code.Ropper.addOrReplaceBlock(Lcom/android/dx/rop/code/BasicBlock;Lcom/android/dx/util/IntList;)Z @ 24

Internal exceptions (3 events):
Event: 0.033 Thread 0x0000000001f7e000 Exception <a 'java/lang/NoSuchMethodError': Method sun.misc.Unsafe.defineClass(Ljava/lang/String;[BII)Ljava/lang/Class; name or signature does not match> (0x00000000eab0d800) thrown at [C:\re\workspace\8-2-build-windows-amd64-cygwin\jdk8u60\4407\hotspot\srU8•×ç ?
Event: 0.033 Thread 0x0000000001f7e000 Exception <a 'java/lang/NoSuchMethodError': Method sun.misc.Unsafe.prefetchRead(Ljava/lang/Object;J)V name or signature does not match> (0x00000000eab0dae8) thrown at [C:\re\workspace\8-2-build-windows-amd64-cygwin\jdk8u60\4407\hotspot\src\share\vm\prims\jµå.ôrú?
Event: 1.653 Thread 0x00000000164c3800 Implicit null exception at 0x0000000002631258 to 0x0000000002632ff5

Events (10 events):
Event: 5.091 Thread 0x0000000001f7e000 DEOPT UNPACKING pc=0x000000000229582a sp=0x000000000214ecc8 mode 2
Event: 5.462 loading class com/android/dx/cf/code/BytecodeArray$ConstantParserVisitor
Event: 5.462 loading class com/android/dx/cf/code/BytecodeArray$ConstantParserVisitor done
Event: 5.464 Thread 0x0000000016530800 Uncommon trap: trap_request=0xffffff65 fr.pc=0x0000000002976b48
Event: 5.464 Thread 0x0000000016530800 DEOPT PACKING pc=0x0000000002976b48 sp=0x0000000016b5e390
Event: 5.464 Thread 0x0000000016530800 DEOPT UNPACKING pc=0x000000000229582a sp=0x0000000016b5e370 mode 2
Event: 6.052 Thread 0x00000000164c3800 Uncommon trap: trap_request=0xffffff65 fr.pc=0x00000000029ba8c8
Event: 6.052 Thread 0x00000000164c3800 DEOPT PACKING pc=0x00000000029ba8c8 sp=0x0000000016d5e550
Event: 6.052 Thread 0x00000000164c3800 DEOPT UNPACKING pc=0x000000000229582a sp=0x0000000016d5e530 mode 2
Event: 6.054 Executing VM operation: ParallelGCFailedAllocation


Dynamic libraries:
0x00007ff6f1ee0000 - 0x00007ff6f1f17000 	C:\Program Files\Java\jdk8\bin\java.exe
0x00007fff6df30000 - 0x00007fff6e0f1000 	C:\Windows\SYSTEM32\ntdll.dll
0x00007fff6bb10000 - 0x00007fff6bbbd000 	C:\Windows\system32\KERNEL32.DLL
0x00007fff6b1f0000 - 0x00007fff6b3cd000 	C:\Windows\system32\KERNELBASE.dll
0x00007fff6be40000 - 0x00007fff6bee6000 	C:\Windows\system32\ADVAPI32.dll
0x00007fff6db10000 - 0x00007fff6dbad000 	C:\Windows\system32\msvcrt.dll
0x00007fff6da50000 - 0x00007fff6daab000 	C:\Windows\system32\sechost.dll
0x00007fff6b930000 - 0x00007fff6ba56000 	C:\Windows\system32\RPCRT4.dll
0x00007fff6bff0000 - 0x00007fff6c13e000 	C:\Windows\system32\USER32.dll
0x00007fff6b790000 - 0x00007fff6b916000 	C:\Windows\system32\GDI32.dll
0x00007fff5ad20000 - 0x00007fff5af94000 	C:\Windows\WinSxS\amd64_microsoft.windows.common-controls_6595b64144ccf1df_6.0.10240.16384_none_f41f7b285750ef43\COMCTL32.dll
0x00007fff6bef0000 - 0x00007fff6bf26000 	C:\Windows\system32\IMM32.DLL
0x00007fff6c2f0000 - 0x00007fff6c44c000 	C:\Windows\system32\MSCTF.dll
0x0000000066cb0000 - 0x0000000066d82000 	C:\Program Files\Java\jdk8\jre\bin\msvcr100.dll
0x00000000679c0000 - 0x0000000068249000 	C:\Program Files\Java\jdk8\jre\bin\server\jvm.dll
0x00007fff6b6e0000 - 0x00007fff6b6e8000 	C:\Windows\system32\PSAPI.DLL
0x00007fff68640000 - 0x00007fff68649000 	C:\Windows\SYSTEM32\WSOCK32.dll
0x00007fff68c40000 - 0x00007fff68c63000 	C:\Windows\SYSTEM32\WINMM.dll
0x00007fff64b40000 - 0x00007fff64b4a000 	C:\Windows\SYSTEM32\VERSION.dll
0x00007fff6c4b0000 - 0x00007fff6c519000 	C:\Windows\system32\WS2_32.dll
0x00007fff6b6f0000 - 0x00007fff6b6f8000 	C:\Windows\system32\NSI.dll
0x00007fff681b0000 - 0x00007fff681dc000 	C:\Windows\SYSTEM32\WINMMBASE.dll
0x00007fff6ab70000 - 0x00007fff6abb4000 	C:\Windows\system32\cfgmgr32.dll
0x00007fff69230000 - 0x00007fff69257000 	C:\Windows\SYSTEM32\DEVOBJ.dll
0x00000000679b0000 - 0x00000000679bf000 	C:\Program Files\Java\jdk8\jre\bin\verify.dll
0x0000000067980000 - 0x00000000679a9000 	C:\Program Files\Java\jdk8\jre\bin\java.dll
0x0000000067960000 - 0x0000000067976000 	C:\Program Files\Java\jdk8\jre\bin\zip.dll
0x00007fff6c520000 - 0x00007fff6da42000 	C:\Windows\system32\SHELL32.dll
0x00007fff6abc0000 - 0x00007fff6b1e9000 	C:\Windows\system32\windows.storage.dll
0x00007fff6bbc0000 - 0x00007fff6be3c000 	C:\Windows\system32\combase.dll
0x00007fff6c450000 - 0x00007fff6c4a1000 	C:\Windows\system32\shlwapi.dll
0x00007fff6a9f0000 - 0x00007fff6a9ff000 	C:\Windows\system32\kernel.appcore.dll
0x00007fff6aab0000 - 0x00007fff6ab63000 	C:\Windows\system32\shcore.dll
0x00007fff6a960000 - 0x00007fff6a9aa000 	C:\Windows\system32\powrprof.dll
0x00007fff6a9b0000 - 0x00007fff6a9c3000 	C:\Windows\system32\profapi.dll

VM Arguments:
jvm_args: -Djava.awt.headless=true -Xmx1024M -Dfile.encoding=windows-1252 -Duser.country=US -Duser.language=en -Duser.variant 
java_command: com.android.dx.command.Main --dex --num-threads=4 --output J:\Android apps\LocationServices\app\build\intermediates\pre-dexed\debug\com.google.android.gms-play-services-maps-8.4.0_655bdbc82d69336d7a61e3f287e83ebd25e39f39.jar J:\Android apps\LocationServices\app\build\intermediates\exploded-aar\com.google.android.gms\play-services-maps\8.4.0\jars\classes.jar
java_class_path (initial): J:\AndroidSdk\build-tools\23.0.2\lib\dx.jar
Launcher Type: SUN_STANDARD

Environment Variables:
JAVA_HOME=C:\Program Files\Java\jdk8
PATH=C:\ProgramData\Oracle\Java\javapath;C:\Windows\system32;C:\Windows;C:\Windows\System32\Wbem;C:\Windows\System32\WindowsPowerShell\v1.0\;C:\Program Files (x86)\ATI Technologies\ATI.ACE\Core-Static;C:\Program Files\Java\jdk8\bin;C:\Program Files (x86)\Windows Kits\8.1\Windows Performance Toolkit\;C:\Program Files\Microsoft SQL Server\110\Tools\Binn\;C:\Program Files\MySQL\MySQL Server 5.6\bin;C:\opennlp-tools-1.5.0\bin;C:\Program Files\apache-maven-3.3.3\bin;C:\Windows\system32\config\systemprofile\.dnx\bin;C:\Program Files\Microsoft DNX\Dnvm\;C:\Program Files (x86)\OpenSSH\bin;J:\New folder;J:\New folder\Scripts;J:\New folder\Library\bin;c:\users\omsairam\appdata\local\enthought\canopy\user\scripts;C:\Users\omsairam\AppData\Local\Programs\Python\Python35\Scripts\;C:\Users\omsairam\AppData\Local\Programs\Python\Python35\;C:\Users\omsairam\AppData\Local\Enthought\Canopy\User;C:\Users\omsairam\AppData\Local\Enthought\Canopy\User\Scripts;C:\texlive\2014\bin\win32;C:\Program Files (x86)\Google\google_appengine\
USERNAME=omsairam
OS=Windows_NT
PROCESSOR_IDENTIFIER=Intel64 Family 6 Model 58 Stepping 9, GenuineIntel



---------------  S Y S T E M  ---------------

OS: Windows 10.0 , 64 bit Build 10240 (10.0.10240.16384)

CPU:total 4 (2 cores per cpu, 2 threads per core) family 6 model 58 stepping 9, cmov, cx8, fxsr, mmx, sse, sse2, sse3, ssse3, sse4.1, sse4.2, popcnt, avx, aes, clmul, erms, ht, tsc, tscinvbit, tscinv

Memory: 4k page, physical 4143468k(152664k free), swap 7439804k(696k free)

vm_info: Java HotSpot(TM) 64-Bit Server VM (25.60-b23) for windows-amd64 JRE (1.8.0_60-b27), built on Aug  4 2015 11:06:27 by "java_re" with MS VC++ 10.0 (VS2010)

time: Thu Apr 14 15:05:55 2016
elapsed time: 6 seconds (0d 0h 0m 6s)

