#
# There is insufficient memory for the Java Runtime Environment to continue.
# Native memory allocation (malloc) failed to allocate 753696 bytes for Chunk::new
# Possible reasons:
#   The system is out of physical RAM or swap space
#   In 32 bit mode, the process size limit was hit
# Possible solutions:
#   Reduce memory load on the system
#   Increase physical memory or swap space
#   Check if swap backing store is full
#   Use 64 bit Java on a 64 bit OS
#   Decrease Java heap size (-Xmx/-Xms)
#   Decrease number of Java threads
#   Decrease Java thread stack sizes (-Xss)
#   Set larger code cache with -XX:ReservedCodeCacheSize=
# This output file may be truncated or incomplete.
#
#  Out of Memory Error (allocation.cpp:390), pid=2892, tid=6172
#
# JRE version: Java(TM) SE Runtime Environment (8.0_60-b27) (build 1.8.0_60-b27)
# Java VM: Java HotSpot(TM) 64-Bit Server VM (25.60-b23 mixed mode windows-amd64 compressed oops)
# Failed to write core dump. Minidumps are not enabled by default on client versions of Windows
#

---------------  T H R E A D  ---------------

Current thread (0x0000000014d00800):  JavaThread "C2 CompilerThread1" daemon [_thread_in_native, id=6172, stack(0x0000000016360000,0x0000000016460000)]

Stack: [0x0000000016360000,0x0000000016460000]
[error occurred during error reporting (printing stack bounds), id 0xc0000005]

Native frames: (J=compiled Java code, j=interpreted, Vv=VM code, C=native code)


Current CompileTask:
C2:  25628 2195       4       com.android.dx.ssa.ConstCollector::getConstsSortedByCountUse (386 bytes)


---------------  P R O C E S S  ---------------

Java Threads: ( => current thread )
  0x00000000166f2000 JavaThread "pool-1-thread-4" [_thread_blocked, id=10964, stack(0x0000000016f60000,0x0000000017060000)]
  0x00000000166f1800 JavaThread "pool-1-thread-3" [_thread_blocked, id=8792, stack(0x0000000016e60000,0x0000000016f60000)]
  0x00000000166e9800 JavaThread "pool-1-thread-2" [_thread_blocked, id=12196, stack(0x0000000016d60000,0x0000000016e60000)]
  0x00000000166d4000 JavaThread "pool-2-thread-1" [_thread_blocked, id=9412, stack(0x0000000016c60000,0x0000000016d60000)]
  0x00000000166d1800 JavaThread "pool-1-thread-1" [_thread_blocked, id=4996, stack(0x0000000016b60000,0x0000000016c60000)]
  0x000000001646c000 JavaThread "Service Thread" daemon [_thread_blocked, id=5084, stack(0x0000000016960000,0x0000000016a60000)]
  0x0000000016468800 JavaThread "C1 CompilerThread2" daemon [_thread_blocked, id=3952, stack(0x0000000016860000,0x0000000016960000)]
=>0x0000000014d00800 JavaThread "C2 CompilerThread1" daemon [_thread_in_native, id=6172, stack(0x0000000016360000,0x0000000016460000)]
  0x0000000014cfb000 JavaThread "C2 CompilerThread0" daemon [_thread_in_native, id=9840, stack(0x0000000016260000,0x0000000016360000)]
  0x0000000014cf8000 JavaThread "Attach Listener" daemon [_thread_blocked, id=4268, stack(0x0000000016160000,0x0000000016260000)]
  0x0000000014cf6800 JavaThread "Signal Dispatcher" daemon [_thread_blocked, id=9744, stack(0x0000000016060000,0x0000000016160000)]
  0x0000000002620800 JavaThread "Finalizer" daemon [_thread_blocked, id=10420, stack(0x0000000015f60000,0x0000000016060000)]
  0x000000000261d000 JavaThread "Reference Handler" daemon [_thread_blocked, id=11652, stack(0x0000000015e60000,0x0000000015f60000)]
  0x0000000000b0e000 JavaThread "main" [_thread_in_native, id=11692, stack(0x0000000002330000,0x0000000002430000)]

Other Threads:
  0x0000000014cc8000 VMThread [stack: 0x0000000015d60000,0x0000000015e60000] [id=7972]
  0x0000000016479800 WatcherThread [stack: 0x0000000016a60000,0x0000000016b60000] [id=11360]

VM state:not at safepoint (normal execution)

VM Mutex/Monitor currently owned by a thread: None

Heap:
 PSYoungGen      total 49664K, used 40133K [0x00000000eab00000, 0x00000000f2f80000, 0x0000000100000000)
  eden space 47104K, 79% used [0x00000000eab00000,0x00000000ecfb1508,0x00000000ed900000)
  from space 2560K, 100% used [0x00000000eed80000,0x00000000ef000000,0x00000000ef000000)
  to   space 20992K, 0% used [0x00000000ed900000,0x00000000ed900000,0x00000000eed80000)
 ParOldGen       total 71168K, used 40799K [0x00000000c0000000, 0x00000000c4580000, 0x00000000eab00000)
  object space 71168K, 57% used [0x00000000c0000000,0x00000000c27d7f50,0x00000000c4580000)
 Metaspace       used 6416K, capacity 7216K, committed 7296K, reserved 1056768K
  class space    used 603K, capacity 616K, committed 640K, reserved 1048576K

Card table byte_map: [0x00000000119f0000,0x0000000011c00000] byte_map_base: 0x00000000113f0000

Marking Bits: (ParMarkBitMap*) 0x00000000681ca5b0
 Begin Bits: [0x0000000012160000, 0x0000000013160000)
 End Bits:   [0x0000000013160000, 0x0000000014160000)

Polling page: 0x0000000000ad0000

CodeCache: size=245760Kb used=10886Kb max_used=10915Kb free=234873Kb
 bounds [0x0000000002630000, 0x00000000030f0000, 0x0000000011630000]
 total_blobs=2451 nmethods=2181 adapters=182
 compilation: enabled

Compilation events (10 events):
Event: 25.416 Thread 0x0000000016468800 2191       3       com.android.dx.cf.code.LocalVariableList$Item::matchesAllButType (53 bytes)
Event: 25.416 Thread 0x0000000016468800 nmethod 2191 0x00000000030c91d0 code [0x00000000030c9360, 0x00000000030c98c8]
Event: 25.440 Thread 0x0000000014d00800 nmethod 2190 0x00000000030ced90 code [0x00000000030cef60, 0x00000000030cfe28]
Event: 25.440 Thread 0x0000000014d00800 2192       4       java.util.TreeMap::values (27 bytes)
Event: 25.441 Thread 0x0000000014d00800 nmethod 2192 0x000000000303bd90 code [0x000000000303bee0, 0x000000000303bfd8]
Event: 25.451 Thread 0x0000000016468800 2193       3       com.android.dx.ssa.PhiTypeResolver::run (179 bytes)
Event: 25.452 Thread 0x0000000016468800 nmethod 2193 0x00000000030cd190 code [0x00000000030cd420, 0x00000000030ce568]
Event: 25.455 Thread 0x0000000016468800 2194       3       com.android.dx.rop.cst.CstLiteral64::hashCode (15 bytes)
Event: 25.456 Thread 0x0000000016468800 nmethod 2194 0x0000000003080810 code [0x0000000003080960, 0x0000000003080ad0]
Event: 25.457 Thread 0x0000000014d00800 2195       4       com.android.dx.ssa.ConstCollector::getConstsSortedByCountUse (386 bytes)

GC Heap History (10 events):
Event: 6.184 GC heap before
{Heap before GC invocations=3 (full 0):
 PSYoungGen      total 35328K, used 35319K [0x00000000eab00000, 0x00000000ed000000, 0x0000000100000000)
  eden space 32768K, 100% used [0x00000000eab00000,0x00000000ecb00000,0x00000000ecb00000)
  from space 2560K, 99% used [0x00000000ecd80000,0x00000000ecffdc60,0x00000000ed000000)
  to   space 2560K, 0% used [0x00000000ecb00000,0x00000000ecb00000,0x00000000ecd80000)
 ParOldGen       total 44032K, used 2034K [0x00000000c0000000, 0x00000000c2b00000, 0x00000000eab00000)
  object space 44032K, 4% used [0x00000000c0000000,0x00000000c01fcb98,0x00000000c2b00000)
 Metaspace       used 6155K, capacity 7024K, committed 7296K, reserved 1056768K
  class space    used 596K, capacity 616K, committed 640K, reserved 1048576K
Event: 7.013 GC heap after
Heap after GC invocations=3 (full 0):
 PSYoungGen      total 35328K, used 2551K [0x00000000eab00000, 0x00000000ef000000, 0x0000000100000000)
  eden space 32768K, 0% used [0x00000000eab00000,0x00000000eab00000,0x00000000ecb00000)
  from space 2560K, 99% used [0x00000000ecb00000,0x00000000ecd7dc60,0x00000000ecd80000)
  to   space 2560K, 0% used [0x00000000eed80000,0x00000000eed80000,0x00000000ef000000)
 ParOldGen       total 44032K, used 6719K [0x00000000c0000000, 0x00000000c2b00000, 0x00000000eab00000)
  object space 44032K, 15% used [0x00000000c0000000,0x00000000c068fca8,0x00000000c2b00000)
 Metaspace       used 6155K, capacity 7024K, committed 7296K, reserved 1056768K
  class space    used 596K, capacity 616K, committed 640K, reserved 1048576K
}
Event: 9.679 GC heap before
{Heap before GC invocations=4 (full 0):
 PSYoungGen      total 35328K, used 35319K [0x00000000eab00000, 0x00000000ef000000, 0x0000000100000000)
  eden space 32768K, 100% used [0x00000000eab00000,0x00000000ecb00000,0x00000000ecb00000)
  from space 2560K, 99% used [0x00000000ecb00000,0x00000000ecd7dc60,0x00000000ecd80000)
  to   space 2560K, 0% used [0x00000000eed80000,0x00000000eed80000,0x00000000ef000000)
 ParOldGen       total 44032K, used 6719K [0x00000000c0000000, 0x00000000c2b00000, 0x00000000eab00000)
  object space 44032K, 15% used [0x00000000c0000000,0x00000000c068fca8,0x00000000c2b00000)
 Metaspace       used 6258K, capacity 7088K, committed 7296K, reserved 1056768K
  class space    used 601K, capacity 616K, committed 640K, reserved 1048576K
Event: 11.272 GC heap after
Heap after GC invocations=4 (full 0):
 PSYoungGen      total 68096K, used 2533K [0x00000000eab00000, 0x00000000ef000000, 0x0000000100000000)
  eden space 65536K, 0% used [0x00000000eab00000,0x00000000eab00000,0x00000000eeb00000)
  from space 2560K, 98% used [0x00000000eed80000,0x00000000eeff96e8,0x00000000ef000000)
  to   space 2560K, 0% used [0x00000000eeb00000,0x00000000eeb00000,0x00000000eed80000)
 ParOldGen       total 44032K, used 12434K [0x00000000c0000000, 0x00000000c2b00000, 0x00000000eab00000)
  object space 44032K, 28% used [0x00000000c0000000,0x00000000c0c24ba8,0x00000000c2b00000)
 Metaspace       used 6258K, capacity 7088K, committed 7296K, reserved 1056768K
  class space    used 601K, capacity 616K, committed 640K, reserved 1048576K
}
Event: 19.069 GC heap before
{Heap before GC invocations=5 (full 0):
 PSYoungGen      total 68096K, used 68069K [0x00000000eab00000, 0x00000000ef000000, 0x0000000100000000)
  eden space 65536K, 100% used [0x00000000eab00000,0x00000000eeb00000,0x00000000eeb00000)
  from space 2560K, 98% used [0x00000000eed80000,0x00000000eeff96e8,0x00000000ef000000)
  to   space 2560K, 0% used [0x00000000eeb00000,0x00000000eeb00000,0x00000000eed80000)
 ParOldGen       total 44032K, used 12434K [0x00000000c0000000, 0x00000000c2b00000, 0x00000000eab00000)
  object space 44032K, 28% used [0x00000000c0000000,0x00000000c0c24ba8,0x00000000c2b00000)
 Metaspace       used 6366K, capacity 7152K, committed 7296K, reserved 1056768K
  class space    used 603K, capacity 616K, committed 640K, reserved 1048576K
Event: 19.268 GC heap after
Heap after GC invocations=5 (full 0):
 PSYoungGen      total 68096K, used 2544K [0x00000000eab00000, 0x00000000ef000000, 0x0000000100000000)
  eden space 65536K, 0% used [0x00000000eab00000,0x00000000eab00000,0x00000000eeb00000)
  from space 2560K, 99% used [0x00000000eeb00000,0x00000000eed7c300,0x00000000eed80000)
  to   space 2560K, 0% used [0x00000000eed80000,0x00000000eed80000,0x00000000ef000000)
 ParOldGen       total 44032K, used 29419K [0x00000000c0000000, 0x00000000c2b00000, 0x00000000eab00000)
  object space 44032K, 66% used [0x00000000c0000000,0x00000000c1cbade8,0x00000000c2b00000)
 Metaspace       used 6366K, capacity 7152K, committed 7296K, reserved 1056768K
  class space    used 603K, capacity 616K, committed 640K, reserved 1048576K
}
Event: 19.268 GC heap before
{Heap before GC invocations=6 (full 1):
 PSYoungGen      total 68096K, used 2544K [0x00000000eab00000, 0x00000000ef000000, 0x0000000100000000)
  eden space 65536K, 0% used [0x00000000eab00000,0x00000000eab00000,0x00000000eeb00000)
  from space 2560K, 99% used [0x00000000eeb00000,0x00000000eed7c300,0x00000000eed80000)
  to   space 2560K, 0% used [0x00000000eed80000,0x00000000eed80000,0x00000000ef000000)
 ParOldGen       total 44032K, used 29419K [0x00000000c0000000, 0x00000000c2b00000, 0x00000000eab00000)
  object space 44032K, 66% used [0x00000000c0000000,0x00000000c1cbade8,0x00000000c2b00000)
 Metaspace       used 6366K, capacity 7152K, committed 7296K, reserved 1056768K
  class space    used 603K, capacity 616K, committed 640K, reserved 1048576K
Event: 23.119 GC heap after
Heap after GC invocations=6 (full 1):
 PSYoungGen      total 68096K, used 0K [0x00000000eab00000, 0x00000000ef000000, 0x0000000100000000)
  eden space 65536K, 0% used [0x00000000eab00000,0x00000000eab00000,0x00000000eeb00000)
  from space 2560K, 0% used [0x00000000eeb00000,0x00000000eeb00000,0x00000000eed80000)
  to   space 2560K, 0% used [0x00000000eed80000,0x00000000eed80000,0x00000000ef000000)
 ParOldGen       total 71168K, used 29650K [0x00000000c0000000, 0x00000000c4580000, 0x00000000eab00000)
  object space 71168K, 41% used [0x00000000c0000000,0x00000000c1cf4a08,0x00000000c4580000)
 Metaspace       used 6366K, capacity 7152K, committed 7296K, reserved 1056768K
  class space    used 603K, capacity 616K, committed 640K, reserved 1048576K
}
Event: 25.192 GC heap before
{Heap before GC invocations=7 (full 1):
 PSYoungGen      total 68096K, used 65536K [0x00000000eab00000, 0x00000000ef000000, 0x0000000100000000)
  eden space 65536K, 100% used [0x00000000eab00000,0x00000000eeb00000,0x00000000eeb00000)
  from space 2560K, 0% used [0x00000000eeb00000,0x00000000eeb00000,0x00000000eed80000)
  to   space 2560K, 0% used [0x00000000eed80000,0x00000000eed80000,0x00000000ef000000)
 ParOldGen       total 71168K, used 29650K [0x00000000c0000000, 0x00000000c4580000, 0x00000000eab00000)
  object space 71168K, 41% used [0x00000000c0000000,0x00000000c1cf4a08,0x00000000c4580000)
 Metaspace       used 6410K, capacity 7216K, committed 7296K, reserved 1056768K
  class space    used 603K, capacity 616K, committed 640K, reserved 1048576K
Event: 25.334 GC heap after
Heap after GC invocations=7 (full 1):
 PSYoungGen      total 49664K, used 2560K [0x00000000eab00000, 0x00000000f2f80000, 0x0000000100000000)
  eden space 47104K, 0% used [0x00000000eab00000,0x00000000eab00000,0x00000000ed900000)
  from space 2560K, 100% used [0x00000000eed80000,0x00000000ef000000,0x00000000ef000000)
  to   space 20992K, 0% used [0x00000000ed900000,0x00000000ed900000,0x00000000eed80000)
 ParOldGen       total 71168K, used 40799K [0x00000000c0000000, 0x00000000c4580000, 0x00000000eab00000)
  object space 71168K, 57% used [0x00000000c0000000,0x00000000c27d7f50,0x00000000c4580000)
 Metaspace       used 6410K, capacity 7216K, committed 7296K, reserved 1056768K
  class space    used 603K, capacity 616K, committed 640K, reserved 1048576K
}

Deoptimization events (10 events):
Event: 15.741 Thread 0x00000000166f2000 Uncommon trap: reason=class_check action=maybe_recompile pc=0x0000000002cbde6c method=com.android.dx.cf.code.RopperMachine.run(Lcom/android/dx/cf/code/Frame;II)V @ 988
Event: 15.741 Thread 0x00000000166f2000 Uncommon trap: reason=class_check action=maybe_recompile pc=0x0000000002cbde6c method=com.android.dx.cf.code.RopperMachine.run(Lcom/android/dx/cf/code/Frame;II)V @ 988
Event: 15.814 Thread 0x0000000000b0e000 Uncommon trap: reason=null_check action=make_not_entrant pc=0x000000000294cb2c method=com.android.dx.ssa.SsaRenamer.getLocalForNewReg(I)Lcom/android/dx/rop/code/LocalItem; @ 19
Event: 17.325 Thread 0x00000000166f2000 Uncommon trap: reason=predicate action=maybe_recompile pc=0x0000000002e686d0 method=com.android.dx.ssa.DomFront.run()[Lcom/android/dx/ssa/DomFront$DomInfo; @ 175
Event: 18.953 Thread 0x00000000166f2000 Uncommon trap: reason=class_check action=maybe_recompile pc=0x0000000002e3ef58 method=com.android.dx.ssa.SsaConverter.placePhiFunctions(Lcom/android/dx/ssa/SsaMethod;Lcom/android/dx/ssa/LocalVariableInfo;I)V @ 257
Event: 19.047 Thread 0x00000000166e9800 Uncommon trap: reason=unstable_if action=reinterpret pc=0x0000000002e8aafc method=com.android.dx.cf.code.BytecodeArray.parseInstruction(ILcom/android/dx/cf/code/BytecodeArray$Visitor;)I @ 1198
Event: 23.979 Thread 0x00000000166f2000 Uncommon trap: reason=unstable_if action=reinterpret pc=0x0000000002f4636c method=java.lang.Integer.valueOf(I)Ljava/lang/Integer; @ 10
Event: 25.384 Thread 0x00000000166f2000 Uncommon trap: reason=unstable_if action=reinterpret pc=0x0000000002ff89e8 method=com.android.dx.dex.code.RopTranslator.pickOrder()V @ 164
Event: 25.450 Thread 0x00000000166f2000 Uncommon trap: reason=unstable_if action=reinterpret pc=0x00000000030851b8 method=com.android.dx.ssa.PhiTypeResolver.equalsHandlesNulls(Lcom/android/dx/rop/code/LocalItem;Lcom/android/dx/rop/code/LocalItem;)Z @ 2
Event: 25.460 Thread 0x00000000166e9800 Uncommon trap: reason=class_check action=maybe_recompile pc=0x0000000002f92098 method=com.android.dx.rop.cst.CstString.equals(Ljava/lang/Object;)Z @ 1

Internal exceptions (4 events):
Event: 0.162 Thread 0x0000000000b0e000 Exception <a 'java/lang/NoSuchMethodError': Method sun.misc.Unsafe.defineClass(Ljava/lang/String;[BII)Ljava/lang/Class; name or signature does not match> (0x00000000eab0d808) thrown at [C:\re\workspace\8-2-build-windows-amd64-cygwin\jdk8u60\4407\hotspot\srSw¤”mÍÄ?
Event: 0.163 Thread 0x0000000000b0e000 Exception <a 'java/lang/NoSuchMethodError': Method sun.misc.Unsafe.prefetchRead(Ljava/lang/Object;J)V name or signature does not match> (0x00000000eab0daf0) thrown at [C:\re\workspace\8-2-build-windows-amd64-cygwin\jdk8u60\4407\hotspot\src\share\vm\prims\jæFÑiˆ_@
Event: 3.547 Thread 0x00000000166d1800 Implicit null exception at 0x00000000028bbbe2 to 0x00000000028bbcd2
Event: 15.814 Thread 0x0000000000b0e000 Implicit null exception at 0x000000000294b7a1 to 0x000000000294cb01

Events (10 events):
Event: 25.334 Executing VM operation: ParallelGCFailedAllocation done
Event: 25.384 Thread 0x00000000166f2000 Uncommon trap: trap_request=0xffffff65 fr.pc=0x0000000002ff89e8
Event: 25.384 Thread 0x00000000166f2000 DEOPT PACKING pc=0x0000000002ff89e8 sp=0x000000001705eb30
Event: 25.384 Thread 0x00000000166f2000 DEOPT UNPACKING pc=0x000000000267582a sp=0x000000001705eaa8 mode 2
Event: 25.450 Thread 0x00000000166f2000 Uncommon trap: trap_request=0xffffff65 fr.pc=0x00000000030851b8
Event: 25.450 Thread 0x00000000166f2000 DEOPT PACKING pc=0x00000000030851b8 sp=0x000000001705e9d0
Event: 25.450 Thread 0x00000000166f2000 DEOPT UNPACKING pc=0x000000000267582a sp=0x000000001705e898 mode 2
Event: 25.460 Thread 0x00000000166e9800 Uncommon trap: trap_request=0xffffffde fr.pc=0x0000000002f92098
Event: 25.460 Thread 0x00000000166e9800 DEOPT PACKING pc=0x0000000002f92098 sp=0x0000000016e5e6a0
Event: 25.460 Thread 0x00000000166e9800 DEOPT UNPACKING pc=0x000000000267582a sp=0x0000000016e5e638 mode 2


Dynamic libraries:
0x00007ff6f1ee0000 - 0x00007ff6f1f17000 	C:\Program Files\Java\jdk8\bin\java.exe
0x00007fff6df30000 - 0x00007fff6e0f1000 	C:\Windows\SYSTEM32\ntdll.dll
0x00007fff6bb10000 - 0x00007fff6bbbd000 	C:\Windows\system32\KERNEL32.DLL
0x00007fff6b1f0000 - 0x00007fff6b3cd000 	C:\Windows\system32\KERNELBASE.dll
0x00007fff6be40000 - 0x00007fff6bee6000 	C:\Windows\system32\ADVAPI32.dll
0x00007fff6db10000 - 0x00007fff6dbad000 	C:\Windows\system32\msvcrt.dll
0x00007fff6da50000 - 0x00007fff6daab000 	C:\Windows\system32\sechost.dll
0x00007fff6b930000 - 0x00007fff6ba56000 	C:\Windows\system32\RPCRT4.dll
0x00007fff6bff0000 - 0x00007fff6c13e000 	C:\Windows\system32\USER32.dll
0x00007fff6b790000 - 0x00007fff6b916000 	C:\Windows\system32\GDI32.dll
0x00007fff5ad20000 - 0x00007fff5af94000 	C:\Windows\WinSxS\amd64_microsoft.windows.common-controls_6595b64144ccf1df_6.0.10240.16384_none_f41f7b285750ef43\COMCTL32.dll
0x00007fff6bef0000 - 0x00007fff6bf26000 	C:\Windows\system32\IMM32.DLL
0x00007fff6c2f0000 - 0x00007fff6c44c000 	C:\Windows\system32\MSCTF.dll
0x0000000066cb0000 - 0x0000000066d82000 	C:\Program Files\Java\jdk8\jre\bin\msvcr100.dll
0x00000000679c0000 - 0x0000000068249000 	C:\Program Files\Java\jdk8\jre\bin\server\jvm.dll
0x00007fff6b6e0000 - 0x00007fff6b6e8000 	C:\Windows\system32\PSAPI.DLL
0x00007fff68640000 - 0x00007fff68649000 	C:\Windows\SYSTEM32\WSOCK32.dll
0x00007fff68c40000 - 0x00007fff68c63000 	C:\Windows\SYSTEM32\WINMM.dll
0x00007fff6c4b0000 - 0x00007fff6c519000 	C:\Windows\system32\WS2_32.dll
0x00007fff6b6f0000 - 0x00007fff6b6f8000 	C:\Windows\system32\NSI.dll
0x00007fff64b40000 - 0x00007fff64b4a000 	C:\Windows\SYSTEM32\VERSION.dll
0x00007fff681b0000 - 0x00007fff681dc000 	C:\Windows\SYSTEM32\WINMMBASE.dll
0x00007fff6ab70000 - 0x00007fff6abb4000 	C:\Windows\system32\cfgmgr32.dll
0x00007fff69230000 - 0x00007fff69257000 	C:\Windows\SYSTEM32\DEVOBJ.dll
0x00000000679b0000 - 0x00000000679bf000 	C:\Program Files\Java\jdk8\jre\bin\verify.dll
0x0000000067980000 - 0x00000000679a9000 	C:\Program Files\Java\jdk8\jre\bin\java.dll
0x0000000067960000 - 0x0000000067976000 	C:\Program Files\Java\jdk8\jre\bin\zip.dll
0x00007fff6c520000 - 0x00007fff6da42000 	C:\Windows\system32\SHELL32.dll
0x00007fff6abc0000 - 0x00007fff6b1e9000 	C:\Windows\system32\windows.storage.dll
0x00007fff6bbc0000 - 0x00007fff6be3c000 	C:\Windows\system32\combase.dll
0x00007fff6c450000 - 0x00007fff6c4a1000 	C:\Windows\system32\shlwapi.dll
0x00007fff6a9f0000 - 0x00007fff6a9ff000 	C:\Windows\system32\kernel.appcore.dll
0x00007fff6aab0000 - 0x00007fff6ab63000 	C:\Windows\system32\shcore.dll
0x00007fff6a960000 - 0x00007fff6a9aa000 	C:\Windows\system32\powrprof.dll
0x00007fff6a9b0000 - 0x00007fff6a9c3000 	C:\Windows\system32\profapi.dll

VM Arguments:
jvm_args: -Djava.awt.headless=true -Xmx1024M -Dfile.encoding=windows-1252 -Duser.country=US -Duser.language=en -Duser.variant 
java_command: com.android.dx.command.Main --dex --num-threads=4 --output J:\Android apps\LocationServices\app\build\intermediates\pre-dexed\debug\com.google.android.gms-play-services-games-8.4.0_504b7fd14dd551348e59369cf0b1d5629253d755.jar J:\Android apps\LocationServices\app\build\intermediates\exploded-aar\com.google.android.gms\play-services-games\8.4.0\jars\classes.jar
java_class_path (initial): J:\AndroidSdk\build-tools\23.0.2\lib\dx.jar
Launcher Type: SUN_STANDARD

Environment Variables:
JAVA_HOME=C:\Program Files\Java\jdk8
PATH=C:\ProgramData\Oracle\Java\javapath;C:\Windows\system32;C:\Windows;C:\Windows\System32\Wbem;C:\Windows\System32\WindowsPowerShell\v1.0\;C:\Program Files (x86)\ATI Technologies\ATI.ACE\Core-Static;C:\Program Files\Java\jdk8\bin;C:\Program Files (x86)\Windows Kits\8.1\Windows Performance Toolkit\;C:\Program Files\Microsoft SQL Server\110\Tools\Binn\;C:\Program Files\MySQL\MySQL Server 5.6\bin;C:\opennlp-tools-1.5.0\bin;C:\Program Files\apache-maven-3.3.3\bin;C:\Windows\system32\config\systemprofile\.dnx\bin;C:\Program Files\Microsoft DNX\Dnvm\;C:\Program Files (x86)\OpenSSH\bin;J:\New folder;J:\New folder\Scripts;J:\New folder\Library\bin;c:\users\omsairam\appdata\local\enthought\canopy\user\scripts;C:\Users\omsairam\AppData\Local\Programs\Python\Python35\Scripts\;C:\Users\omsairam\AppData\Local\Programs\Python\Python35\;C:\Users\omsairam\AppData\Local\Enthought\Canopy\User;C:\Users\omsairam\AppData\Local\Enthought\Canopy\User\Scripts;C:\texlive\2014\bin\win32;C:\Program Files (x86)\Google\google_appengine\
USERNAME=omsairam
OS=Windows_NT
PROCESSOR_IDENTIFIER=Intel64 Family 6 Model 58 Stepping 9, GenuineIntel



---------------  S Y S T E M  ---------------

OS: Windows 10.0 , 64 bit Build 10240 (10.0.10240.16384)

CPU:total 4 (2 cores per cpu, 2 threads per core) family 6 model 58 stepping 9, cmov, cx8, fxsr, mmx, sse, sse2, sse3, ssse3, sse4.1, sse4.2, popcnt, avx, aes, clmul, erms, ht, tsc, tscinvbit, tscinv

Memory: 4k page, physical 4143468k(343636k free), swap 7439716k(52092k free)

vm_info: Java HotSpot(TM) 64-Bit Server VM (25.60-b23) for windows-amd64 JRE (1.8.0_60-b27), built on Aug  4 2015 11:06:27 by "java_re" with MS VC++ 10.0 (VS2010)

time: Thu Apr 14 15:31:52 2016
elapsed time: 25 seconds (0d 0h 0m 25s)

