#
# There is insufficient memory for the Java Runtime Environment to continue.
# Native memory allocation (malloc) failed to allocate 262160 bytes for Chunk::new
# Possible reasons:
#   The system is out of physical RAM or swap space
#   In 32 bit mode, the process size limit was hit
# Possible solutions:
#   Reduce memory load on the system
#   Increase physical memory or swap space
#   Check if swap backing store is full
#   Use 64 bit Java on a 64 bit OS
#   Decrease Java heap size (-Xmx/-Xms)
#   Decrease number of Java threads
#   Decrease Java thread stack sizes (-Xss)
#   Set larger code cache with -XX:ReservedCodeCacheSize=
# This output file may be truncated or incomplete.
#
#  Out of Memory Error (allocation.cpp:390), pid=12100, tid=5736
#
# JRE version: Java(TM) SE Runtime Environment (8.0_60-b27) (build 1.8.0_60-b27)
# Java VM: Java HotSpot(TM) 64-Bit Server VM (25.60-b23 mixed mode windows-amd64 compressed oops)
# Failed to write core dump. Minidumps are not enabled by default on client versions of Windows
#

---------------  T H R E A D  ---------------

Current thread (0x000000001561b000):  JavaThread "C2 CompilerThread0" daemon [_thread_in_native, id=5736, stack(0x0000000016c50000,0x0000000016d50000)]

Stack: [0x0000000016c50000,0x0000000016d50000]
[error occurred during error reporting (printing stack bounds), id 0xc0000005]

Native frames: (J=compiled Java code, j=interpreted, Vv=VM code, C=native code)


Current CompileTask:
C2:  10472 1349   !   4       com.android.dx.cf.code.BytecodeArray::parseInstruction (2764 bytes)


---------------  P R O C E S S  ---------------

Java Threads: ( => current thread )
  0x00000000171e6000 JavaThread "pool-1-thread-4" [_thread_blocked, id=9412, stack(0x0000000017950000,0x0000000017a50000)]
  0x00000000171ce800 JavaThread "pool-1-thread-3" [_thread_in_Java, id=11680, stack(0x0000000017850000,0x0000000017950000)]
  0x00000000171c4000 JavaThread "pool-1-thread-2" [_thread_in_Java, id=5848, stack(0x0000000017750000,0x0000000017850000)]
  0x00000000171c3000 JavaThread "pool-2-thread-1" [_thread_blocked, id=12200, stack(0x0000000017650000,0x0000000017750000)]
  0x00000000171c0800 JavaThread "pool-1-thread-1" [_thread_blocked, id=8320, stack(0x0000000017550000,0x0000000017650000)]
  0x0000000016f5b800 JavaThread "Service Thread" daemon [_thread_blocked, id=5420, stack(0x0000000017350000,0x0000000017450000)]
  0x0000000015679000 JavaThread "C1 CompilerThread2" daemon [_thread_blocked, id=11056, stack(0x0000000016e50000,0x0000000016f50000)]
  0x0000000015620800 JavaThread "C2 CompilerThread1" daemon [_thread_in_native, id=6472, stack(0x0000000016d50000,0x0000000016e50000)]
=>0x000000001561b000 JavaThread "C2 CompilerThread0" daemon [_thread_in_native, id=5736, stack(0x0000000016c50000,0x0000000016d50000)]
  0x0000000015618000 JavaThread "Attach Listener" daemon [_thread_blocked, id=5232, stack(0x0000000016b50000,0x0000000016c50000)]
  0x0000000015616800 JavaThread "Signal Dispatcher" daemon [_thread_blocked, id=10256, stack(0x0000000016a50000,0x0000000016b50000)]
  0x0000000002f46000 JavaThread "Finalizer" daemon [_thread_blocked, id=7396, stack(0x0000000016870000,0x0000000016970000)]
  0x0000000002f3d000 JavaThread "Reference Handler" daemon [_thread_blocked, id=9384, stack(0x0000000016770000,0x0000000016870000)]
  0x0000000002c4e000 JavaThread "main" [_thread_blocked, id=10424, stack(0x0000000002d50000,0x0000000002e50000)]

Other Threads:
  0x00000000155e8000 VMThread [stack: 0x0000000016670000,0x0000000016770000] [id=7136]
  0x0000000016f56000 WatcherThread [stack: 0x0000000017450000,0x0000000017550000] [id=8244]

VM state:not at safepoint (normal execution)

VM Mutex/Monitor currently owned by a thread: None

Heap:
 PSYoungGen      total 35328K, used 10111K [0x00000000eab00000, 0x00000000ed000000, 0x0000000100000000)
  eden space 32768K, 23% used [0x00000000eab00000,0x00000000eb265408,0x00000000ecb00000)
  from space 2560K, 99% used [0x00000000ecd80000,0x00000000ecffaab8,0x00000000ed000000)
  to   space 2560K, 0% used [0x00000000ecb00000,0x00000000ecb00000,0x00000000ecd80000)
 ParOldGen       total 44032K, used 3311K [0x00000000c0000000, 0x00000000c2b00000, 0x00000000eab00000)
  object space 44032K, 7% used [0x00000000c0000000,0x00000000c033be58,0x00000000c2b00000)
 Metaspace       used 6047K, capacity 6960K, committed 7040K, reserved 1056768K
  class space    used 597K, capacity 616K, committed 640K, reserved 1048576K

Card table byte_map: [0x0000000012310000,0x0000000012520000] byte_map_base: 0x0000000011d10000

Marking Bits: (ParMarkBitMap*) 0x00000000681ca5b0
 Begin Bits: [0x0000000012a80000, 0x0000000013a80000)
 End Bits:   [0x0000000013a80000, 0x0000000014a80000)

Polling page: 0x0000000002b00000

CodeCache: size=245760Kb used=5535Kb max_used=5535Kb free=240224Kb
 bounds [0x0000000002f50000, 0x00000000034c0000, 0x0000000011f50000]
 total_blobs=1621 nmethods=1352 adapters=182
 compilation: enabled

Compilation events (10 events):
Event: 10.438 Thread 0x0000000015679000 1354       3       com.android.dx.ssa.BasicRegisterMapper::<init> (17 bytes)
Event: 10.438 Thread 0x0000000015679000 nmethod 1354 0x00000000034b44d0 code [0x00000000034b4640, 0x00000000034b4908]
Event: 10.440 Thread 0x0000000015679000 1355       3       com.android.dx.ssa.SsaMethod::onInsnsChanged (16 bytes)
Event: 10.440 Thread 0x0000000015679000 nmethod 1355 0x00000000034bb610 code [0x00000000034bb760, 0x00000000034bb8f0]
Event: 10.441 Thread 0x0000000015679000 1356       3       com.android.dx.cf.direct.DirectClassFile::getSourceFile (31 bytes)
Event: 10.442 Thread 0x0000000015679000 nmethod 1356 0x00000000034bb990 code [0x00000000034bbb60, 0x00000000034bc1c8]
Event: 10.443 Thread 0x0000000015679000 1357       3       com.android.dx.rop.cst.CstMethodRef::<init> (7 bytes)
Event: 10.443 Thread 0x0000000015679000 nmethod 1357 0x00000000034bc3d0 code [0x00000000034bc560, 0x00000000034bc978]
Event: 10.444 Thread 0x0000000015679000 1358       3       com.android.dx.ssa.back.SsaToRop::verifyValidExitPredecessor (53 bytes)
Event: 10.445 Thread 0x0000000015679000 nmethod 1358 0x00000000034bcb10 code [0x00000000034bcd00, 0x00000000034bd518]

GC Heap History (4 events):
Event: 7.871 GC heap before
{Heap before GC invocations=1 (full 0):
 PSYoungGen      total 18944K, used 16384K [0x00000000eab00000, 0x00000000ec000000, 0x0000000100000000)
  eden space 16384K, 100% used [0x00000000eab00000,0x00000000ebb00000,0x00000000ebb00000)
  from space 2560K, 0% used [0x00000000ebd80000,0x00000000ebd80000,0x00000000ec000000)
  to   space 2560K, 0% used [0x00000000ebb00000,0x00000000ebb00000,0x00000000ebd80000)
 ParOldGen       total 44032K, used 0K [0x00000000c0000000, 0x00000000c2b00000, 0x00000000eab00000)
  object space 44032K, 0% used [0x00000000c0000000,0x00000000c0000000,0x00000000c2b00000)
 Metaspace       used 5593K, capacity 6576K, committed 6784K, reserved 1056768K
  class space    used 592K, capacity 616K, committed 640K, reserved 1048576K
Event: 7.960 GC heap after
Heap after GC invocations=1 (full 0):
 PSYoungGen      total 18944K, used 2557K [0x00000000eab00000, 0x00000000ed000000, 0x0000000100000000)
  eden space 16384K, 0% used [0x00000000eab00000,0x00000000eab00000,0x00000000ebb00000)
  from space 2560K, 99% used [0x00000000ebb00000,0x00000000ebd7f790,0x00000000ebd80000)
  to   space 2560K, 0% used [0x00000000ecd80000,0x00000000ecd80000,0x00000000ed000000)
 ParOldGen       total 44032K, used 1227K [0x00000000c0000000, 0x00000000c2b00000, 0x00000000eab00000)
  object space 44032K, 2% used [0x00000000c0000000,0x00000000c0132f40,0x00000000c2b00000)
 Metaspace       used 5593K, capacity 6576K, committed 6784K, reserved 1056768K
  class space    used 592K, capacity 616K, committed 640K, reserved 1048576K
}
Event: 10.175 GC heap before
{Heap before GC invocations=2 (full 0):
 PSYoungGen      total 18944K, used 18941K [0x00000000eab00000, 0x00000000ed000000, 0x0000000100000000)
  eden space 16384K, 100% used [0x00000000eab00000,0x00000000ebb00000,0x00000000ebb00000)
  from space 2560K, 99% used [0x00000000ebb00000,0x00000000ebd7f790,0x00000000ebd80000)
  to   space 2560K, 0% used [0x00000000ecd80000,0x00000000ecd80000,0x00000000ed000000)
 ParOldGen       total 44032K, used 1227K [0x00000000c0000000, 0x00000000c2b00000, 0x00000000eab00000)
  object space 44032K, 2% used [0x00000000c0000000,0x00000000c0132f40,0x00000000c2b00000)
 Metaspace       used 5998K, capacity 6896K, committed 7040K, reserved 1056768K
  class space    used 596K, capacity 616K, committed 640K, reserved 1048576K
Event: 10.230 GC heap after
Heap after GC invocations=2 (full 0):
 PSYoungGen      total 35328K, used 2538K [0x00000000eab00000, 0x00000000ed000000, 0x0000000100000000)
  eden space 32768K, 0% used [0x00000000eab00000,0x00000000eab00000,0x00000000ecb00000)
  from space 2560K, 99% used [0x00000000ecd80000,0x00000000ecffaab8,0x00000000ed000000)
  to   space 2560K, 0% used [0x00000000ecb00000,0x00000000ecb00000,0x00000000ecd80000)
 ParOldGen       total 44032K, used 3311K [0x00000000c0000000, 0x00000000c2b00000, 0x00000000eab00000)
  object space 44032K, 7% used [0x00000000c0000000,0x00000000c033be58,0x00000000c2b00000)
 Metaspace       used 5998K, capacity 6896K, committed 7040K, reserved 1056768K
  class space    used 596K, capacity 616K, committed 640K, reserved 1048576K
}

Deoptimization events (10 events):
Event: 8.534 Thread 0x00000000171ce800 Uncommon trap: reason=class_check action=maybe_recompile pc=0x00000000031a2e30 method=com.android.dx.ssa.NormalSsaInsn.accept(Lcom/android/dx/ssa/SsaInsn$Visitor;)V @ 9
Event: 8.545 Thread 0x00000000171ce800 Uncommon trap: reason=class_check action=maybe_recompile pc=0x00000000031a2e30 method=com.android.dx.ssa.NormalSsaInsn.accept(Lcom/android/dx/ssa/SsaInsn$Visitor;)V @ 9
Event: 8.741 Thread 0x00000000171e6000 Uncommon trap: reason=unstable_if action=reinterpret pc=0x000000000327e4bc method=com.android.dx.util.IntList.binarysearch(I)I @ 105
Event: 9.494 Thread 0x00000000171e6000 Uncommon trap: reason=unstable_if action=reinterpret pc=0x0000000003246e5c method=com.android.dx.rop.code.RegisterSpecSet.put(Lcom/android/dx/rop/code/RegisterSpec;)V @ 77
Event: 9.515 Thread 0x00000000171e6000 Uncommon trap: reason=class_check action=maybe_recompile pc=0x000000000324c010 method=com.android.dx.ssa.NormalSsaInsn.accept(Lcom/android/dx/ssa/SsaInsn$Visitor;)V @ 9
Event: 10.304 Thread 0x00000000171c4000 Uncommon trap: reason=bimorphic action=maybe_recompile pc=0x0000000003346080 method=com.android.dx.cf.code.BytecodeArray.parseInstruction(ILcom/android/dx/cf/code/BytecodeArray$Visitor;)I @ 2135
Event: 10.304 Thread 0x00000000171c4000 Uncommon trap: reason=bimorphic action=maybe_recompile pc=0x0000000003346080 method=com.android.dx.cf.code.BytecodeArray.parseInstruction(ILcom/android/dx/cf/code/BytecodeArray$Visitor;)I @ 2135
Event: 10.307 Thread 0x00000000171c4000 Uncommon trap: reason=bimorphic action=maybe_recompile pc=0x0000000003346080 method=com.android.dx.cf.code.BytecodeArray.parseInstruction(ILcom/android/dx/cf/code/BytecodeArray$Visitor;)I @ 2135
Event: 10.307 Thread 0x00000000171c4000 Uncommon trap: reason=bimorphic action=maybe_recompile pc=0x0000000003346080 method=com.android.dx.cf.code.BytecodeArray.parseInstruction(ILcom/android/dx/cf/code/BytecodeArray$Visitor;)I @ 2135
Event: 10.332 Thread 0x00000000171c4000 Uncommon trap: reason=unstable_if action=reinterpret pc=0x00000000034063e0 method=com.android.dx.ssa.SCCP.simulateStmt(Lcom/android/dx/ssa/SsaInsn;)V @ 53

Internal exceptions (2 events):
Event: 2.373 Thread 0x0000000002c4e000 Exception <a 'java/lang/NoSuchMethodError': Method sun.misc.Unsafe.defineClass(Ljava/lang/String;[BII)Ljava/lang/Class; name or signature does not match> (0x00000000eab0d810) thrown at [C:\re\workspace\8-2-build-windows-amd64-cygwin\jdk8u60\4407\hotspot\srv*â˜ü@
Event: 2.373 Thread 0x0000000002c4e000 Exception <a 'java/lang/NoSuchMethodError': Method sun.misc.Unsafe.prefetchRead(Ljava/lang/Object;J)V name or signature does not match> (0x00000000eab0daf8) thrown at [C:\re\workspace\8-2-build-windows-amd64-cygwin\jdk8u60\4407\hotspot\src\share\vm\prims\j

Events (10 events):
Event: 10.307 Thread 0x00000000171c4000 Uncommon trap: trap_request=0xffffffc6 fr.pc=0x0000000003346080
Event: 10.307 Thread 0x00000000171c4000 DEOPT PACKING pc=0x0000000003346080 sp=0x000000001784e560
Event: 10.307 Thread 0x00000000171c4000 DEOPT UNPACKING pc=0x0000000002f9582a sp=0x000000001784e4f0 mode 2
Event: 10.332 Thread 0x00000000171c4000 Uncommon trap: trap_request=0xffffff65 fr.pc=0x00000000034063e0
Event: 10.332 Thread 0x00000000171c4000 DEOPT PACKING pc=0x00000000034063e0 sp=0x000000001784e590
Event: 10.332 Thread 0x00000000171c4000 DEOPT UNPACKING pc=0x0000000002f9582a sp=0x000000001784e578 mode 2
Event: 10.336 Thread 0x00000000171c4000 DEOPT PACKING pc=0x00000000032a5b25 sp=0x000000001784e4c0
Event: 10.336 Thread 0x00000000171c4000 DEOPT UNPACKING pc=0x0000000002f9787f sp=0x000000001784e2a0 mode 0
Event: 10.361 Thread 0x00000000171ce800 DEOPT PACKING pc=0x00000000032a5b25 sp=0x000000001794e8d0
Event: 10.361 Thread 0x00000000171ce800 DEOPT UNPACKING pc=0x0000000002f9787f sp=0x000000001794e6b0 mode 0


Dynamic libraries:
0x00007ff6f1ee0000 - 0x00007ff6f1f17000 	C:\Program Files\Java\jdk8\bin\java.exe
0x00007fff6df30000 - 0x00007fff6e0f1000 	C:\Windows\SYSTEM32\ntdll.dll
0x00007fff6bb10000 - 0x00007fff6bbbd000 	C:\Windows\system32\KERNEL32.DLL
0x00007fff6b1f0000 - 0x00007fff6b3cd000 	C:\Windows\system32\KERNELBASE.dll
0x00007fff6be40000 - 0x00007fff6bee6000 	C:\Windows\system32\ADVAPI32.dll
0x00007fff6db10000 - 0x00007fff6dbad000 	C:\Windows\system32\msvcrt.dll
0x00007fff6da50000 - 0x00007fff6daab000 	C:\Windows\system32\sechost.dll
0x00007fff6b930000 - 0x00007fff6ba56000 	C:\Windows\system32\RPCRT4.dll
0x00007fff6bff0000 - 0x00007fff6c13e000 	C:\Windows\system32\USER32.dll
0x00007fff6b790000 - 0x00007fff6b916000 	C:\Windows\system32\GDI32.dll
0x00007fff5ad20000 - 0x00007fff5af94000 	C:\Windows\WinSxS\amd64_microsoft.windows.common-controls_6595b64144ccf1df_6.0.10240.16384_none_f41f7b285750ef43\COMCTL32.dll
0x00007fff6bef0000 - 0x00007fff6bf26000 	C:\Windows\system32\IMM32.DLL
0x00007fff6c2f0000 - 0x00007fff6c44c000 	C:\Windows\system32\MSCTF.dll
0x0000000066cb0000 - 0x0000000066d82000 	C:\Program Files\Java\jdk8\jre\bin\msvcr100.dll
0x00000000679c0000 - 0x0000000068249000 	C:\Program Files\Java\jdk8\jre\bin\server\jvm.dll
0x00007fff6b6e0000 - 0x00007fff6b6e8000 	C:\Windows\system32\PSAPI.DLL
0x00007fff68c40000 - 0x00007fff68c63000 	C:\Windows\SYSTEM32\WINMM.dll
0x00007fff64b40000 - 0x00007fff64b4a000 	C:\Windows\SYSTEM32\VERSION.dll
0x00007fff681b0000 - 0x00007fff681dc000 	C:\Windows\SYSTEM32\WINMMBASE.dll
0x00007fff68640000 - 0x00007fff68649000 	C:\Windows\SYSTEM32\WSOCK32.dll
0x00007fff6ab70000 - 0x00007fff6abb4000 	C:\Windows\system32\cfgmgr32.dll
0x00007fff6c4b0000 - 0x00007fff6c519000 	C:\Windows\system32\WS2_32.dll
0x00007fff6b6f0000 - 0x00007fff6b6f8000 	C:\Windows\system32\NSI.dll
0x00007fff69230000 - 0x00007fff69257000 	C:\Windows\SYSTEM32\DEVOBJ.dll
0x00000000679b0000 - 0x00000000679bf000 	C:\Program Files\Java\jdk8\jre\bin\verify.dll
0x0000000067980000 - 0x00000000679a9000 	C:\Program Files\Java\jdk8\jre\bin\java.dll
0x0000000067960000 - 0x0000000067976000 	C:\Program Files\Java\jdk8\jre\bin\zip.dll
0x00007fff6c520000 - 0x00007fff6da42000 	C:\Windows\system32\SHELL32.dll
0x00007fff6abc0000 - 0x00007fff6b1e9000 	C:\Windows\system32\windows.storage.dll
0x00007fff6bbc0000 - 0x00007fff6be3c000 	C:\Windows\system32\combase.dll
0x00007fff6c450000 - 0x00007fff6c4a1000 	C:\Windows\system32\shlwapi.dll
0x00007fff6a9f0000 - 0x00007fff6a9ff000 	C:\Windows\system32\kernel.appcore.dll
0x00007fff6aab0000 - 0x00007fff6ab63000 	C:\Windows\system32\shcore.dll
0x00007fff6a960000 - 0x00007fff6a9aa000 	C:\Windows\system32\powrprof.dll
0x00007fff6a9b0000 - 0x00007fff6a9c3000 	C:\Windows\system32\profapi.dll

VM Arguments:
jvm_args: -Djava.awt.headless=true -Xmx1024M -Dfile.encoding=windows-1252 -Duser.country=US -Duser.language=en -Duser.variant 
java_command: com.android.dx.command.Main --dex --num-threads=4 --output J:\Android apps\LocationServices\app\build\intermediates\pre-dexed\debug\com.google.android.gms-play-services-wearable-8.4.0_cdfaa7615788265d198dad5afecb0fe39c445dc0.jar J:\Android apps\LocationServices\app\build\intermediates\exploded-aar\com.google.android.gms\play-services-wearable\8.4.0\jars\classes.jar
java_class_path (initial): J:\AndroidSdk\build-tools\23.0.2\lib\dx.jar
Launcher Type: SUN_STANDARD

Environment Variables:
JAVA_HOME=C:\Program Files\Java\jdk8
PATH=C:\ProgramData\Oracle\Java\javapath;C:\Windows\system32;C:\Windows;C:\Windows\System32\Wbem;C:\Windows\System32\WindowsPowerShell\v1.0\;C:\Program Files (x86)\ATI Technologies\ATI.ACE\Core-Static;C:\Program Files\Java\jdk8\bin;C:\Program Files (x86)\Windows Kits\8.1\Windows Performance Toolkit\;C:\Program Files\Microsoft SQL Server\110\Tools\Binn\;C:\Program Files\MySQL\MySQL Server 5.6\bin;C:\opennlp-tools-1.5.0\bin;C:\Program Files\apache-maven-3.3.3\bin;C:\Windows\system32\config\systemprofile\.dnx\bin;C:\Program Files\Microsoft DNX\Dnvm\;C:\Program Files (x86)\OpenSSH\bin;J:\New folder;J:\New folder\Scripts;J:\New folder\Library\bin;c:\users\omsairam\appdata\local\enthought\canopy\user\scripts;C:\Users\omsairam\AppData\Local\Programs\Python\Python35\Scripts\;C:\Users\omsairam\AppData\Local\Programs\Python\Python35\;C:\Users\omsairam\AppData\Local\Enthought\Canopy\User;C:\Users\omsairam\AppData\Local\Enthought\Canopy\User\Scripts;C:\texlive\2014\bin\win32;C:\Program Files (x86)\Google\google_appengine\
USERNAME=omsairam
OS=Windows_NT
PROCESSOR_IDENTIFIER=Intel64 Family 6 Model 58 Stepping 9, GenuineIntel



---------------  S Y S T E M  ---------------

OS: Windows 10.0 , 64 bit Build 10240 (10.0.10240.16384)

CPU:total 4 (2 cores per cpu, 2 threads per core) family 6 model 58 stepping 9, cmov, cx8, fxsr, mmx, sse, sse2, sse3, ssse3, sse4.1, sse4.2, popcnt, avx, aes, clmul, erms, ht, tsc, tscinvbit, tscinv

Memory: 4k page, physical 4143468k(330432k free), swap 7439804k(5224k free)

vm_info: Java HotSpot(TM) 64-Bit Server VM (25.60-b23) for windows-amd64 JRE (1.8.0_60-b27), built on Aug  4 2015 11:06:27 by "java_re" with MS VC++ 10.0 (VS2010)

time: Thu Apr 14 15:06:17 2016
elapsed time: 10 seconds (0d 0h 0m 10s)

