#
# There is insufficient memory for the Java Runtime Environment to continue.
# Native memory allocation (malloc) failed to allocate 490816 bytes for Chunk::new
# Possible reasons:
#   The system is out of physical RAM or swap space
#   In 32 bit mode, the process size limit was hit
# Possible solutions:
#   Reduce memory load on the system
#   Increase physical memory or swap space
#   Check if swap backing store is full
#   Use 64 bit Java on a 64 bit OS
#   Decrease Java heap size (-Xmx/-Xms)
#   Decrease number of Java threads
#   Decrease Java thread stack sizes (-Xss)
#   Set larger code cache with -XX:ReservedCodeCacheSize=
# This output file may be truncated or incomplete.
#
#  Out of Memory Error (allocation.cpp:390), pid=11288, tid=7164
#
# JRE version: Java(TM) SE Runtime Environment (8.0_60-b27) (build 1.8.0_60-b27)
# Java VM: Java HotSpot(TM) 64-Bit Server VM (25.60-b23 mixed mode windows-amd64 compressed oops)
# Failed to write core dump. Minidumps are not enabled by default on client versions of Windows
#

---------------  T H R E A D  ---------------

Current thread (0x00000000149cb000):  JavaThread "C2 CompilerThread0" daemon [_thread_in_native, id=7164, stack(0x0000000016020000,0x0000000016120000)]

Stack: [0x0000000016020000,0x0000000016120000]
[error occurred during error reporting (printing stack bounds), id 0xc0000005]

Native frames: (J=compiled Java code, j=interpreted, Vv=VM code, C=native code)


Current CompileTask:
C2:  31999 2390 %     4       com.android.dx.dex.cf.CfTranslator::translate0 @ 141 (259 bytes)


---------------  P R O C E S S  ---------------

Java Threads: ( => current thread )
  0x00000000165a8000 JavaThread "pool-1-thread-4" [_thread_blocked, id=12116, stack(0x00000000184f0000,0x00000000185f0000)]
  0x0000000016b7e800 JavaThread "pool-1-thread-3" [_thread_blocked, id=11864, stack(0x00000000183f0000,0x00000000184f0000)]
  0x0000000016b7e000 JavaThread "pool-1-thread-2" [_thread_blocked, id=9868, stack(0x00000000182f0000,0x00000000183f0000)]
  0x0000000016d7d000 JavaThread "pool-2-thread-1" [_thread_blocked, id=4424, stack(0x00000000181f0000,0x00000000182f0000)]
  0x0000000016705000 JavaThread "pool-1-thread-1" [_thread_blocked, id=11760, stack(0x00000000180f0000,0x00000000181f0000)]
  0x0000000016324800 JavaThread "Service Thread" daemon [_thread_blocked, id=10620, stack(0x0000000016720000,0x0000000016820000)]
  0x0000000014a2c800 JavaThread "C1 CompilerThread2" daemon [_thread_blocked, id=9252, stack(0x0000000016220000,0x0000000016320000)]
  0x0000000014a29800 JavaThread "C2 CompilerThread1" daemon [_thread_blocked, id=6164, stack(0x0000000016120000,0x0000000016220000)]
=>0x00000000149cb000 JavaThread "C2 CompilerThread0" daemon [_thread_in_native, id=7164, stack(0x0000000016020000,0x0000000016120000)]
  0x00000000149c8000 JavaThread "Attach Listener" daemon [_thread_blocked, id=5284, stack(0x0000000015f20000,0x0000000016020000)]
  0x00000000149c6800 JavaThread "Signal Dispatcher" daemon [_thread_blocked, id=9384, stack(0x0000000015e20000,0x0000000015f20000)]
  0x00000000022f0800 JavaThread "Finalizer" daemon [_thread_blocked, id=8700, stack(0x0000000015c30000,0x0000000015d30000)]
  0x00000000022ed000 JavaThread "Reference Handler" daemon [_thread_blocked, id=224, stack(0x0000000015b30000,0x0000000015c30000)]
  0x0000000001fbe000 JavaThread "main" [_thread_blocked, id=3000, stack(0x0000000002000000,0x0000000002100000)]

Other Threads:
  0x0000000014998000 VMThread [stack: 0x0000000015a30000,0x0000000015b30000] [id=2928]
  0x0000000016339800 WatcherThread [stack: 0x0000000016820000,0x0000000016920000] [id=4508]

VM state:at safepoint (normal execution)

VM Mutex/Monitor currently owned by a thread:  ([mutex/lock_event])
[0x0000000001fbced0] Threads_lock - owner thread: 0x0000000014998000
[0x0000000001fbd250] Heap_lock - owner thread: 0x0000000001fbe000

Heap:
 PSYoungGen      total 232960K, used 116736K [0x00000000eab00000, 0x0000000100000000, 0x0000000100000000)
  eden space 116736K, 100% used [0x00000000eab00000,0x00000000f1d00000,0x00000000f1d00000)
  from space 116224K, 0% used [0x00000000f1d00000,0x00000000f1d00000,0x00000000f8e80000)
  to   space 116224K, 2% used [0x00000000f8e80000,0x00000000f91762a0,0x0000000100000000)
 ParOldGen       total 324096K, used 186188K [0x00000000c0000000, 0x00000000d3c80000, 0x00000000eab00000)
  object space 324096K, 57% used [0x00000000c0000000,0x00000000cb5d32d0,0x00000000d3c80000)
 Metaspace       used 6531K, capacity 7256K, committed 7424K, reserved 1056768K
  class space    used 625K, capacity 656K, committed 768K, reserved 1048576K

Card table byte_map: [0x00000000116c0000,0x00000000118d0000] byte_map_base: 0x00000000110c0000

Marking Bits: (ParMarkBitMap*) 0x00000000681ca5b0
 Begin Bits: [0x0000000011e30000, 0x0000000012e30000)
 End Bits:   [0x0000000012e30000, 0x0000000013e30000)

Polling page: 0x0000000001f90000

CodeCache: size=245760Kb used=9422Kb max_used=10912Kb free=236337Kb
 bounds [0x0000000002300000, 0x0000000002dc0000, 0x0000000011300000]
 total_blobs=2185 nmethods=1915 adapters=182
 compilation: enabled

Compilation events (10 events):
Event: 31.623 Thread 0x00000000149cb000 nmethod 2385 0x000000000264a4d0 code [0x000000000264a6a0, 0x000000000264b528]
Event: 31.637 Thread 0x0000000014a29800 2386       4       java.util.TreeMap$ValueIterator::next (8 bytes)
Event: 31.640 Thread 0x0000000014a2c800 2387   !   3       com.android.dx.cf.code.BytecodeArray::parseInstruction (2764 bytes)
Event: 31.641 Thread 0x0000000014a29800 nmethod 2386 0x000000000263ae10 code [0x000000000263af60, 0x000000000263b098]
Event: 31.647 Thread 0x00000000149cb000 2390 %     4       com.android.dx.dex.cf.CfTranslator::translate0 @ 141 (259 bytes)
Event: 31.674 Thread 0x0000000014a2c800 nmethod 2387 0x0000000002559410 code [0x000000000255ab40, 0x000000000256b268]
Event: 31.674 Thread 0x0000000014a2c800 2388       3       java.util.BitSet::clear (28 bytes)
Event: 31.674 Thread 0x0000000014a2c800 nmethod 2388 0x00000000024edc50 code [0x00000000024eddc0, 0x00000000024edff0]
Event: 31.674 Thread 0x0000000014a2c800 2389       3       java.util.Collections::swap (25 bytes)
Event: 31.674 Thread 0x0000000014a2c800 nmethod 2389 0x00000000029ce090 code [0x00000000029ce220, 0x00000000029ce5a8]

GC Heap History (10 events):
Event: 21.993 GC heap before
{Heap before GC invocations=19 (full 4):
 PSYoungGen      total 211456K, used 142336K [0x00000000eab00000, 0x0000000100000000, 0x0000000100000000)
  eden space 142336K, 100% used [0x00000000eab00000,0x00000000f3600000,0x00000000f3600000)
  from space 69120K, 0% used [0x00000000f3600000,0x00000000f3600000,0x00000000f7980000)
  to   space 104960K, 0% used [0x00000000f9980000,0x00000000f9980000,0x0000000100000000)
 ParOldGen       total 324096K, used 158785K [0x00000000c0000000, 0x00000000d3c80000, 0x00000000eab00000)
  object space 324096K, 48% used [0x00000000c0000000,0x00000000c9b10760,0x00000000d3c80000)
 Metaspace       used 6508K, capacity 7256K, committed 7424K, reserved 1056768K
  class space    used 624K, capacity 656K, committed 768K, reserved 1048576K
Event: 22.038 GC heap after
Heap after GC invocations=19 (full 4):
 PSYoungGen      total 235008K, used 66978K [0x00000000eab00000, 0x0000000100000000, 0x0000000100000000)
  eden space 130048K, 0% used [0x00000000eab00000,0x00000000eab00000,0x00000000f2a00000)
  from space 104960K, 63% used [0x00000000f9980000,0x00000000fdae8850,0x0000000100000000)
  to   space 109568K, 0% used [0x00000000f2a00000,0x00000000f2a00000,0x00000000f9500000)
 ParOldGen       total 324096K, used 158785K [0x00000000c0000000, 0x00000000d3c80000, 0x00000000eab00000)
  object space 324096K, 48% used [0x00000000c0000000,0x00000000c9b10760,0x00000000d3c80000)
 Metaspace       used 6508K, capacity 7256K, committed 7424K, reserved 1056768K
  class space    used 624K, capacity 656K, committed 768K, reserved 1048576K
}
Event: 22.375 GC heap before
{Heap before GC invocations=20 (full 4):
 PSYoungGen      total 235008K, used 197026K [0x00000000eab00000, 0x0000000100000000, 0x0000000100000000)
  eden space 130048K, 100% used [0x00000000eab00000,0x00000000f2a00000,0x00000000f2a00000)
  from space 104960K, 63% used [0x00000000f9980000,0x00000000fdae8850,0x0000000100000000)
  to   space 109568K, 0% used [0x00000000f2a00000,0x00000000f2a00000,0x00000000f9500000)
 ParOldGen       total 324096K, used 158785K [0x00000000c0000000, 0x00000000d3c80000, 0x00000000eab00000)
  object space 324096K, 48% used [0x00000000c0000000,0x00000000c9b10760,0x00000000d3c80000)
 Metaspace       used 6508K, capacity 7256K, committed 7424K, reserved 1056768K
  class space    used 624K, capacity 656K, committed 768K, reserved 1048576K
Event: 22.479 GC heap after
Heap after GC invocations=20 (full 4):
 PSYoungGen      total 222720K, used 92296K [0x00000000eab00000, 0x0000000100000000, 0x0000000100000000)
  eden space 130048K, 0% used [0x00000000eab00000,0x00000000eab00000,0x00000000f2a00000)
  from space 92672K, 99% used [0x00000000f2a00000,0x00000000f8422268,0x00000000f8480000)
  to   space 116224K, 0% used [0x00000000f8e80000,0x00000000f8e80000,0x0000000100000000)
 ParOldGen       total 324096K, used 158785K [0x00000000c0000000, 0x00000000d3c80000, 0x00000000eab00000)
  object space 324096K, 48% used [0x00000000c0000000,0x00000000c9b10760,0x00000000d3c80000)
 Metaspace       used 6508K, capacity 7256K, committed 7424K, reserved 1056768K
  class space    used 624K, capacity 656K, committed 768K, reserved 1048576K
}
Event: 24.008 GC heap before
{Heap before GC invocations=21 (full 4):
 PSYoungGen      total 222720K, used 222344K [0x00000000eab00000, 0x0000000100000000, 0x0000000100000000)
  eden space 130048K, 100% used [0x00000000eab00000,0x00000000f2a00000,0x00000000f2a00000)
  from space 92672K, 99% used [0x00000000f2a00000,0x00000000f8422268,0x00000000f8480000)
  to   space 116224K, 0% used [0x00000000f8e80000,0x00000000f8e80000,0x0000000100000000)
 ParOldGen       total 324096K, used 158785K [0x00000000c0000000, 0x00000000d3c80000, 0x00000000eab00000)
  object space 324096K, 48% used [0x00000000c0000000,0x00000000c9b10760,0x00000000d3c80000)
 Metaspace       used 6508K, capacity 7256K, committed 7424K, reserved 1056768K
  class space    used 624K, capacity 656K, committed 768K, reserved 1048576K
Event: 24.166 GC heap after
Heap after GC invocations=21 (full 4):
 PSYoungGen      total 232960K, used 72771K [0x00000000eab00000, 0x0000000100000000, 0x0000000100000000)
  eden space 116736K, 0% used [0x00000000eab00000,0x00000000eab00000,0x00000000f1d00000)
  from space 116224K, 62% used [0x00000000f8e80000,0x00000000fd590e90,0x0000000100000000)
  to   space 116224K, 0% used [0x00000000f1d00000,0x00000000f1d00000,0x00000000f8e80000)
 ParOldGen       total 324096K, used 197949K [0x00000000c0000000, 0x00000000d3c80000, 0x00000000eab00000)
  object space 324096K, 61% used [0x00000000c0000000,0x00000000cc14f5b8,0x00000000d3c80000)
 Metaspace       used 6508K, capacity 7256K, committed 7424K, reserved 1056768K
  class space    used 624K, capacity 656K, committed 768K, reserved 1048576K
}
Event: 24.575 GC heap before
{Heap before GC invocations=22 (full 4):
 PSYoungGen      total 232960K, used 189507K [0x00000000eab00000, 0x0000000100000000, 0x0000000100000000)
  eden space 116736K, 100% used [0x00000000eab00000,0x00000000f1d00000,0x00000000f1d00000)
  from space 116224K, 62% used [0x00000000f8e80000,0x00000000fd590e90,0x0000000100000000)
  to   space 116224K, 0% used [0x00000000f1d00000,0x00000000f1d00000,0x00000000f8e80000)
 ParOldGen       total 324096K, used 197949K [0x00000000c0000000, 0x00000000d3c80000, 0x00000000eab00000)
  object space 324096K, 61% used [0x00000000c0000000,0x00000000cc14f5b8,0x00000000d3c80000)
 Metaspace       used 6508K, capacity 7256K, committed 7424K, reserved 1056768K
  class space    used 624K, capacity 656K, committed 768K, reserved 1048576K
Event: 24.681 GC heap after
Heap after GC invocations=22 (full 4):
 PSYoungGen      total 232960K, used 47979K [0x00000000eab00000, 0x0000000100000000, 0x0000000100000000)
  eden space 116736K, 0% used [0x00000000eab00000,0x00000000eab00000,0x00000000f1d00000)
  from space 116224K, 41% used [0x00000000f1d00000,0x00000000f4bdaf58,0x00000000f8e80000)
  to   space 116224K, 0% used [0x00000000f8e80000,0x00000000f8e80000,0x0000000100000000)
 ParOldGen       total 324096K, used 270114K [0x00000000c0000000, 0x00000000d3c80000, 0x00000000eab00000)
  object space 324096K, 83% used [0x00000000c0000000,0x00000000d07c8ba0,0x00000000d3c80000)
 Metaspace       used 6508K, capacity 7256K, committed 7424K, reserved 1056768K
  class space    used 624K, capacity 656K, committed 768K, reserved 1048576K
}
Event: 24.681 GC heap before
{Heap before GC invocations=23 (full 5):
 PSYoungGen      total 232960K, used 47979K [0x00000000eab00000, 0x0000000100000000, 0x0000000100000000)
  eden space 116736K, 0% used [0x00000000eab00000,0x00000000eab00000,0x00000000f1d00000)
  from space 116224K, 41% used [0x00000000f1d00000,0x00000000f4bdaf58,0x00000000f8e80000)
  to   space 116224K, 0% used [0x00000000f8e80000,0x00000000f8e80000,0x0000000100000000)
 ParOldGen       total 324096K, used 270114K [0x00000000c0000000, 0x00000000d3c80000, 0x00000000eab00000)
  object space 324096K, 83% used [0x00000000c0000000,0x00000000d07c8ba0,0x00000000d3c80000)
 Metaspace       used 6508K, capacity 7256K, committed 7424K, reserved 1056768K
  class space    used 624K, capacity 656K, committed 768K, reserved 1048576K
Event: 25.258 GC heap after
Heap after GC invocations=23 (full 5):
 PSYoungGen      total 232960K, used 0K [0x00000000eab00000, 0x0000000100000000, 0x0000000100000000)
  eden space 116736K, 0% used [0x00000000eab00000,0x00000000eab00000,0x00000000f1d00000)
  from space 116224K, 0% used [0x00000000f1d00000,0x00000000f1d00000,0x00000000f8e80000)
  to   space 116224K, 0% used [0x00000000f8e80000,0x00000000f8e80000,0x0000000100000000)
 ParOldGen       total 324096K, used 186188K [0x00000000c0000000, 0x00000000d3c80000, 0x00000000eab00000)
  object space 324096K, 57% used [0x00000000c0000000,0x00000000cb5d32d0,0x00000000d3c80000)
 Metaspace       used 6508K, capacity 7256K, committed 7424K, reserved 1056768K
  class space    used 624K, capacity 656K, committed 768K, reserved 1048576K
}

Deoptimization events (10 events):
Event: 22.903 Thread 0x0000000016705000 Uncommon trap: reason=class_check action=maybe_recompile pc=0x0000000002bc3460 method=com.android.dx.cf.code.Ropper.processBlock(Lcom/android/dx/cf/code/ByteBlock;Lcom/android/dx/cf/code/Frame;[I)V @ 693
Event: 22.915 Thread 0x0000000016705000 Uncommon trap: reason=unstable_if action=reinterpret pc=0x0000000002af7218 method=com.android.dx.cf.code.Merger.mergeType(Lcom/android/dx/rop/type/TypeBearer;Lcom/android/dx/rop/type/TypeBearer;)Lcom/android/dx/rop/type/TypeBearer; @ 126
Event: 22.918 Thread 0x0000000016705000 Uncommon trap: reason=unstable_if action=reinterpret pc=0x0000000002b4fdcc method=com.android.dx.cf.code.Merger.mergeType(Lcom/android/dx/rop/type/TypeBearer;Lcom/android/dx/rop/type/TypeBearer;)Lcom/android/dx/rop/type/TypeBearer; @ 77
Event: 22.935 Thread 0x0000000016705000 Uncommon trap: reason=unstable_if action=reinterpret pc=0x0000000002c170f4 method=com.android.dx.rop.code.BasicBlockList.preferredSuccessorOf(Lcom/android/dx/rop/code/BasicBlock;)Lcom/android/dx/rop/code/BasicBlock; @ 58
Event: 25.962 Thread 0x0000000016b7e000 Uncommon trap: reason=speculate_class_check action=maybe_recompile pc=0x0000000002a9f030 method=com.android.dx.rop.cst.TypedConstant.getBasicType()I @ 1
Event: 27.924 Thread 0x0000000016705000 Uncommon trap: reason=unstable_if action=reinterpret pc=0x00000000029f2c68 method=com.android.dx.ssa.SCCP.simulateStmt(Lcom/android/dx/ssa/SsaInsn;)V @ 59
Event: 29.234 Thread 0x0000000016705000 Uncommon trap: reason=unstable_if action=reinterpret pc=0x000000000282b734 method=java.util.HashMap.putVal(ILjava/lang/Object;Ljava/lang/Object;ZZ)Ljava/lang/Object; @ 162
Event: 30.513 Thread 0x00000000165a8000 Uncommon trap: reason=unstable_if action=reinterpret pc=0x0000000002b90d24 method=com.android.dx.ssa.LiteralOpUpgrader$1.visitNonMoveInsn(Lcom/android/dx/ssa/NormalSsaInsn;)V @ 55
Event: 31.640 Thread 0x0000000016b7e000 Uncommon trap: reason=unstable_if action=reinterpret pc=0x0000000002d29b4c method=com.android.dx.cf.code.ByteCatchList.typeNotFound(Lcom/android/dx/cf/code/ByteCatchList$Item;[Lcom/android/dx/cf/code/ByteCatchList$Item;I)Z @ 34
Event: 31.643 Thread 0x0000000016b7e000 Uncommon trap: reason=speculate_class_check action=maybe_recompile pc=0x0000000002a9f030 method=com.android.dx.rop.cst.TypedConstant.getBasicType()I @ 1

Internal exceptions (6 events):
Event: 0.199 Thread 0x0000000001fbe000 Exception <a 'java/lang/NoSuchMethodError': Method sun.misc.Unsafe.defineClass(Ljava/lang/String;[BII)Ljava/lang/Class; name or signature does not match> (0x00000000eab0d800) thrown at [C:\re\workspace\8-2-build-windows-amd64-cygwin\jdk8u60\4407\hotspot\sr×>yX††É?
Event: 0.199 Thread 0x0000000001fbe000 Exception <a 'java/lang/NoSuchMethodError': Method sun.misc.Unsafe.prefetchRead(Ljava/lang/Object;J)V name or signature does not match> (0x00000000eab0dae8) thrown at [C:\re\workspace\8-2-build-windows-amd64-cygwin\jdk8u60\4407\hotspot\src\share\vm\prims\j)á°œ@
Event: 2.702 Thread 0x0000000001fbe000 Implicit null exception at 0x00000000025fb7a2 to 0x00000000025fb892
Event: 5.073 Thread 0x00000000165a8000 Exception <a 'java/lang/ArrayIndexOutOfBoundsException': 18> (0x00000000ec5d6538) thrown at [C:\re\workspace\8-2-build-windows-amd64-cygwin\jdk8u60\4407\hotspot\src\share\vm\interpreter\interpreterRuntime.cpp, line 366]
Event: 5.074 Thread 0x00000000165a8000 Exception <a 'java/lang/ArrayIndexOutOfBoundsException'> (0x00000000ec5d80e8) thrown at [C:\re\workspace\8-2-build-windows-amd64-cygwin\jdk8u60\4407\hotspot\src\share\vm\runtime\sharedRuntime.cpp, line 605]
Event: 5.076 Thread 0x00000000165a8000 Exception <a 'java/lang/ArrayIndexOutOfBoundsException'> (0x00000000ec5d93d0) thrown at [C:\re\workspace\8-2-build-windows-amd64-cygwin\jdk8u60\4407\hotspot\src\share\vm\runtime\sharedRuntime.cpp, line 605]

Events (10 events):
Event: 31.406 Thread 0x0000000016705000 DEOPT PACKING pc=0x0000000002773e13 sp=0x00000000181ee520
Event: 31.406 Thread 0x0000000016705000 DEOPT UNPACKING pc=0x000000000234787f sp=0x00000000181ee298 mode 0
Event: 31.570 Thread 0x00000000165a8000 DEOPT PACKING pc=0x00000000027eebbd sp=0x00000000185ee9f0
Event: 31.570 Thread 0x00000000165a8000 DEOPT UNPACKING pc=0x000000000234787f sp=0x00000000185ee740 mode 0
Event: 31.640 Thread 0x0000000016b7e000 Uncommon trap: trap_request=0xffffff65 fr.pc=0x0000000002d29b4c
Event: 31.640 Thread 0x0000000016b7e000 DEOPT PACKING pc=0x0000000002d29b4c sp=0x00000000183eebb0
Event: 31.640 Thread 0x0000000016b7e000 DEOPT UNPACKING pc=0x000000000234582a sp=0x00000000183ee988 mode 2
Event: 31.643 Thread 0x0000000016b7e000 Uncommon trap: trap_request=0xffffff76 fr.pc=0x0000000002a9f030
Event: 31.643 Thread 0x0000000016b7e000 DEOPT PACKING pc=0x0000000002a9f030 sp=0x00000000183eebd0
Event: 31.643 Thread 0x0000000016b7e000 DEOPT UNPACKING pc=0x000000000234582a sp=0x00000000183eeb80 mode 2


Dynamic libraries:
0x00007ff6f1ee0000 - 0x00007ff6f1f17000 	C:\Program Files\Java\jdk8\bin\java.exe
0x00007fff6df30000 - 0x00007fff6e0f1000 	C:\Windows\SYSTEM32\ntdll.dll
0x00007fff6bb10000 - 0x00007fff6bbbd000 	C:\Windows\system32\KERNEL32.DLL
0x00007fff6b1f0000 - 0x00007fff6b3cd000 	C:\Windows\system32\KERNELBASE.dll
0x00007fff6be40000 - 0x00007fff6bee6000 	C:\Windows\system32\ADVAPI32.dll
0x00007fff6db10000 - 0x00007fff6dbad000 	C:\Windows\system32\msvcrt.dll
0x00007fff6da50000 - 0x00007fff6daab000 	C:\Windows\system32\sechost.dll
0x00007fff6b930000 - 0x00007fff6ba56000 	C:\Windows\system32\RPCRT4.dll
0x00007fff6bff0000 - 0x00007fff6c13e000 	C:\Windows\system32\USER32.dll
0x00007fff6b790000 - 0x00007fff6b916000 	C:\Windows\system32\GDI32.dll
0x00007fff5ad20000 - 0x00007fff5af94000 	C:\Windows\WinSxS\amd64_microsoft.windows.common-controls_6595b64144ccf1df_6.0.10240.16384_none_f41f7b285750ef43\COMCTL32.dll
0x00007fff6bef0000 - 0x00007fff6bf26000 	C:\Windows\system32\IMM32.DLL
0x00007fff6c2f0000 - 0x00007fff6c44c000 	C:\Windows\system32\MSCTF.dll
0x0000000066cb0000 - 0x0000000066d82000 	C:\Program Files\Java\jdk8\jre\bin\msvcr100.dll
0x00000000679c0000 - 0x0000000068249000 	C:\Program Files\Java\jdk8\jre\bin\server\jvm.dll
0x00007fff6b6e0000 - 0x00007fff6b6e8000 	C:\Windows\system32\PSAPI.DLL
0x00007fff68640000 - 0x00007fff68649000 	C:\Windows\SYSTEM32\WSOCK32.dll
0x00007fff6c4b0000 - 0x00007fff6c519000 	C:\Windows\system32\WS2_32.dll
0x00007fff6b6f0000 - 0x00007fff6b6f8000 	C:\Windows\system32\NSI.dll
0x00007fff68c40000 - 0x00007fff68c63000 	C:\Windows\SYSTEM32\WINMM.dll
0x00007fff64b40000 - 0x00007fff64b4a000 	C:\Windows\SYSTEM32\VERSION.dll
0x00007fff681b0000 - 0x00007fff681dc000 	C:\Windows\SYSTEM32\WINMMBASE.dll
0x00007fff6ab70000 - 0x00007fff6abb4000 	C:\Windows\system32\cfgmgr32.dll
0x00007fff69230000 - 0x00007fff69257000 	C:\Windows\SYSTEM32\DEVOBJ.dll
0x00000000679b0000 - 0x00000000679bf000 	C:\Program Files\Java\jdk8\jre\bin\verify.dll
0x0000000067980000 - 0x00000000679a9000 	C:\Program Files\Java\jdk8\jre\bin\java.dll
0x0000000067960000 - 0x0000000067976000 	C:\Program Files\Java\jdk8\jre\bin\zip.dll
0x00007fff6c520000 - 0x00007fff6da42000 	C:\Windows\system32\SHELL32.dll
0x00007fff6abc0000 - 0x00007fff6b1e9000 	C:\Windows\system32\windows.storage.dll
0x00007fff6bbc0000 - 0x00007fff6be3c000 	C:\Windows\system32\combase.dll
0x00007fff6c450000 - 0x00007fff6c4a1000 	C:\Windows\system32\shlwapi.dll
0x00007fff6a9f0000 - 0x00007fff6a9ff000 	C:\Windows\system32\kernel.appcore.dll
0x00007fff6aab0000 - 0x00007fff6ab63000 	C:\Windows\system32\shcore.dll
0x00007fff6a960000 - 0x00007fff6a9aa000 	C:\Windows\system32\powrprof.dll
0x00007fff6a9b0000 - 0x00007fff6a9c3000 	C:\Windows\system32\profapi.dll

VM Arguments:
jvm_args: -Djava.awt.headless=true -Xmx1024M -Dfile.encoding=windows-1252 -Duser.country=US -Duser.language=en -Duser.variant 
java_command: com.android.dx.command.Main --dex --num-threads=4 --output J:\Android apps\LocationServices\app\build\intermediates\pre-dexed\debug\com.google.android.gms-play-services-ads-8.4.0_0a89340b2a2579de764b4972dab9122981364eae.jar J:\Android apps\LocationServices\app\build\intermediates\exploded-aar\com.google.android.gms\play-services-ads\8.4.0\jars\classes.jar
java_class_path (initial): J:\AndroidSdk\build-tools\23.0.2\lib\dx.jar
Launcher Type: SUN_STANDARD

Environment Variables:
JAVA_HOME=C:\Program Files\Java\jdk8
PATH=C:\ProgramData\Oracle\Java\javapath;C:\Windows\system32;C:\Windows;C:\Windows\System32\Wbem;C:\Windows\System32\WindowsPowerShell\v1.0\;C:\Program Files (x86)\ATI Technologies\ATI.ACE\Core-Static;C:\Program Files\Java\jdk8\bin;C:\Program Files (x86)\Windows Kits\8.1\Windows Performance Toolkit\;C:\Program Files\Microsoft SQL Server\110\Tools\Binn\;C:\Program Files\MySQL\MySQL Server 5.6\bin;C:\opennlp-tools-1.5.0\bin;C:\Program Files\apache-maven-3.3.3\bin;C:\Windows\system32\config\systemprofile\.dnx\bin;C:\Program Files\Microsoft DNX\Dnvm\;C:\Program Files (x86)\OpenSSH\bin;J:\New folder;J:\New folder\Scripts;J:\New folder\Library\bin;c:\users\omsairam\appdata\local\enthought\canopy\user\scripts;C:\Users\omsairam\AppData\Local\Programs\Python\Python35\Scripts\;C:\Users\omsairam\AppData\Local\Programs\Python\Python35\;C:\Users\omsairam\AppData\Local\Enthought\Canopy\User;C:\Users\omsairam\AppData\Local\Enthought\Canopy\User\Scripts;C:\texlive\2014\bin\win32;C:\Program Files (x86)\Google\google_appengine\
USERNAME=omsairam
OS=Windows_NT
PROCESSOR_IDENTIFIER=Intel64 Family 6 Model 58 Stepping 9, GenuineIntel



---------------  S Y S T E M  ---------------

OS: Windows 10.0 , 64 bit Build 10240 (10.0.10240.16384)

CPU:total 4 (2 cores per cpu, 2 threads per core) family 6 model 58 stepping 9, cmov, cx8, fxsr, mmx, sse, sse2, sse3, ssse3, sse4.1, sse4.2, popcnt, avx, aes, clmul, erms, ht, tsc, tscinvbit, tscinv

Memory: 4k page, physical 4143468k(417100k free), swap 7439804k(2604k free)

vm_info: Java HotSpot(TM) 64-Bit Server VM (25.60-b23) for windows-amd64 JRE (1.8.0_60-b27), built on Aug  4 2015 11:06:27 by "java_re" with MS VC++ 10.0 (VS2010)

time: Thu Apr 14 15:33:19 2016
elapsed time: 31 seconds (0d 0h 0m 31s)

